Log file open, 09/17/20 22:39:18
LogInit: Display: Running engine for game: コントロールリグマネキン
LogPlatformFile: Not using cached read wrapper
LogTaskGraph: Started task graph with 5 named threads and 35 total threads with 3 sets of task threads.
LogStats: Stats thread started at 2.037338
LogD3D11RHI: Loaded GFSDK_Aftermath_Lib.x64.dll
LogICUInternationalization: ICU TimeZone Detection - Raw Offset: +9:00, Platform Override: ''
LogPluginManager: Mounting plugin Paper2D
LogPluginManager: Mounting plugin AISupport
LogPluginManager: Mounting plugin LightPropagationVolume
LogPluginManager: Mounting plugin CameraShakePreviewer
LogPluginManager: Mounting plugin ActorLayerUtilities
LogPluginManager: Mounting plugin AnimationSharing
LogPluginManager: Mounting plugin CLionSourceCodeAccess
LogPluginManager: Mounting plugin CodeLiteSourceCodeAccess
LogPluginManager: Mounting plugin GitSourceControl
LogPluginManager: Mounting plugin KDevelopSourceCodeAccess
LogPluginManager: Mounting plugin NullSourceCodeAccess
LogPluginManager: Mounting plugin PerforceSourceControl
LogPluginManager: Mounting plugin PlasticSourceControl
LogPluginManager: Mounting plugin RiderSourceCodeAccess
LogPluginManager: Mounting plugin SubversionSourceControl
LogPluginManager: Mounting plugin UObjectPlugin
LogPluginManager: Mounting plugin VisualStudioCodeSourceCodeAccess
LogPluginManager: Mounting plugin VisualStudioSourceCodeAccess
LogPluginManager: Mounting plugin XCodeSourceCodeAccess
LogPluginManager: Mounting plugin AssetManagerEditor
LogPluginManager: Mounting plugin CryptoKeys
LogPluginManager: Mounting plugin CurveEditorTools
LogPluginManager: Mounting plugin DataValidation
LogPluginManager: Mounting plugin EditorScriptingUtilities
LogPluginManager: Mounting plugin FacialAnimation
LogPluginManager: Mounting plugin GameplayTagsEditor
LogPluginManager: Mounting plugin GeometryMode
LogPluginManager: Mounting plugin MacGraphicsSwitching
LogPluginManager: Mounting plugin MaterialAnalyzer
LogPluginManager: Mounting plugin MobileLauncherProfileWizard
LogPluginManager: Mounting plugin PluginBrowser
LogPluginManager: Mounting plugin SpeedTreeImporter
LogPluginManager: Mounting plugin DatasmithContent
LogPluginManager: Mounting plugin VariantManagerContent
LogPluginManager: Mounting plugin AlembicImporter
LogPluginManager: Mounting plugin AutomationUtils
LogPluginManager: Mounting plugin BackChannel
LogPluginManager: Mounting plugin ChaosCloth
LogPluginManager: Mounting plugin ChaosClothEditor
LogPluginManager: Mounting plugin ChaosEditor
LogPluginManager: Mounting plugin ChaosNiagara
LogPluginManager: Mounting plugin ChaosSolverPlugin
LogPluginManager: Mounting plugin CharacterAI
LogPluginManager: Mounting plugin ControlRig
LogPluginManager: Mounting plugin GeometryCache
LogPluginManager: Mounting plugin GeometryCollectionPlugin
LogPluginManager: Mounting plugin GeometryProcessing
LogPluginManager: Mounting plugin PlanarCut
LogPluginManager: Mounting plugin PlatformCrypto
LogPluginManager: Mounting plugin ProxyLODPlugin
LogPluginManager: Mounting plugin SkeletalReduction
LogPluginManager: Mounting plugin Niagara
LogPluginManager: Mounting plugin MagicLeap
LogPluginManager: Mounting plugin MagicLeapLightEstimation
LogPluginManager: Mounting plugin MagicLeapMedia
LogPluginManager: Mounting plugin MagicLeapPassableWorld
LogPluginManager: Mounting plugin MLSDK
LogPluginManager: Mounting plugin AndroidMedia
LogPluginManager: Mounting plugin AvfMedia
LogPluginManager: Mounting plugin ImgMedia
LogPluginManager: Mounting plugin MediaCompositing
LogPluginManager: Mounting plugin MediaPlayerEditor
LogPluginManager: Mounting plugin WebMMedia
LogPluginManager: Mounting plugin WmfMedia
LogPluginManager: Mounting plugin MeshPainting
LogPluginManager: Mounting plugin TcpMessaging
LogPluginManager: Mounting plugin UdpMessaging
LogPluginManager: Mounting plugin ActorSequence
LogPluginManager: Mounting plugin LevelSequenceEditor
LogPluginManager: Mounting plugin MatineeToLevelSequence
LogPluginManager: Mounting plugin MovieRenderPipeline
LogPluginManager: Mounting plugin TemplateSequence
LogPluginManager: Mounting plugin NetcodeUnitTest
LogPluginManager: Mounting plugin NUTUnrealEngine4
LogPluginManager: Mounting plugin OnlineSubsystemGooglePlay
LogPluginManager: Mounting plugin OnlineSubsystemIOS
LogPluginManager: Mounting plugin OnlineSubsystem
LogPluginManager: Mounting plugin OnlineSubsystemNull
LogPluginManager: Mounting plugin OnlineSubsystemUtils
LogPluginManager: Mounting plugin LauncherChunkInstaller
LogPluginManager: Mounting plugin AndroidDeviceProfileSelector
LogPluginManager: Mounting plugin AndroidMoviePlayer
LogPluginManager: Mounting plugin AndroidPermission
LogPluginManager: Mounting plugin AppleImageUtils
LogPluginManager: Mounting plugin AppleMoviePlayer
LogPluginManager: Mounting plugin ArchVisCharacter
LogPluginManager: Mounting plugin AssetTags
LogPluginManager: Mounting plugin AudioCapture
LogPluginManager: Mounting plugin CableComponent
LogPluginManager: Mounting plugin CustomMeshComponent
LogPluginManager: Mounting plugin EditableMesh
LogPluginManager: Mounting plugin ExampleDeviceProfileSelector
LogPluginManager: Mounting plugin GoogleCloudMessaging
LogPluginManager: Mounting plugin GooglePAD
LogPluginManager: Mounting plugin IOSDeviceProfileSelector
LogPluginManager: Mounting plugin LinuxDeviceProfileSelector
LogPluginManager: Mounting plugin LocationServicesBPLibrary
LogPluginManager: Mounting plugin MobilePatchingUtils
LogPluginManager: Mounting plugin OculusVR
LogPluginManager: Mounting plugin PhysXVehicles
LogPluginManager: Mounting plugin PostSplashScreen
LogPluginManager: Mounting plugin ProceduralMeshComponent
LogPluginManager: Mounting plugin RuntimePhysXCooking
LogPluginManager: Mounting plugin SignificanceManager
LogPluginManager: Mounting plugin SoundFields
LogPluginManager: Mounting plugin SteamVR
LogPluginManager: Mounting plugin Synthesis
LogPluginManager: Mounting plugin WebMMoviePlayer
LogPluginManager: Mounting plugin WindowsMoviePlayer
LogPluginManager: Mounting plugin ScreenshotTools
LogInit: Using libcurl 7.55.1-DEV
LogInit:  - built for x86_64-pc-win32
LogInit:  - supports SSL with OpenSSL/1.1.1
LogInit:  - supports HTTP deflate (compression) using libz 1.2.8
LogInit:  - other features:
LogInit:      CURL_VERSION_SSL
LogInit:      CURL_VERSION_LIBZ
LogInit:      CURL_VERSION_IPV6
LogInit:      CURL_VERSION_ASYNCHDNS
LogInit:      CURL_VERSION_LARGEFILE
LogInit:      CURL_VERSION_IDN
LogInit:  CurlRequestOptions (configurable via config and command line):
LogInit:  - bVerifyPeer = true  - Libcurl will verify peer certificate
LogInit:  - bUseHttpProxy = false  - Libcurl will NOT use HTTP proxy
LogInit:  - bDontReuseConnections = false  - Libcurl will reuse connections
LogInit:  - MaxHostConnections = 16  - Libcurl will limit the number of connections to a host
LogInit:  - LocalHostAddr = Default
LogInit:  - BufferSize = 65536
LogOnline: OSS: Creating online subsystem instance for: NULL
LogInit: WinSock: version 1.1 (2.2), MaxSocks=32767, MaxUdp=65467
LogOnline: OSS: TryLoadSubsystemAndSetDefault: Loaded subsystem for module [NULL]
LogInit: Build: ++UE4+Release-4.25-CL-13594126
LogInit: Engine Version: 4.25.1-13594126+++UE4+Release-4.25
LogInit: Compatible Engine Version: 4.25.0-13144385+++UE4+Release-4.25
LogInit: Net CL: 13144385
LogInit: OS: Windows 10 (Release 1909) (), CPU: Intel(R) Core(TM) i7-9750H CPU @ 2.60GHz, GPU: Intel(R) UHD Graphics 630
LogInit: Compiled (64-bit): Jun  2 2020 02:10:36
LogInit: Compiled with Visual C++: 19.24.28315.00
LogInit: Build Configuration: Development
LogInit: Branch Name: ++UE4+Release-4.25
LogInit: Command Line: 
LogInit: Base Directory: C:/Program Files/Epic Games/UE_4.25/Engine/Binaries/Win64/
LogInit: Allocator: TBB
LogInit: Installed Engine Build: 1
LogDevObjectVersion: Number of dev versions registered: 26
LogDevObjectVersion:   Dev-Blueprints (B0D832E4-1F89-4F0D-ACCF-7EB736FD4AA2): 10
LogDevObjectVersion:   Dev-Build (E1C64328-A22C-4D53-A36C-8E866417BD8C): 0
LogDevObjectVersion:   Dev-Core (375EC13C-06E4-48FB-B500-84F0262A717E): 4
LogDevObjectVersion:   Dev-Editor (E4B068ED-F494-42E9-A231-DA0B2E46BB41): 38
LogDevObjectVersion:   Dev-Framework (CFFC743F-43B0-4480-9391-14DF171D2073): 37
LogDevObjectVersion:   Dev-Mobile (B02B49B5-BB20-44E9-A304-32B752E40360): 2
LogDevObjectVersion:   Dev-Networking (A4E4105C-59A1-49B5-A7C5-40C4547EDFEE): 0
LogDevObjectVersion:   Dev-Online (39C831C9-5AE6-47DC-9A44-9C173E1C8E7C): 0
LogDevObjectVersion:   Dev-Physics (78F01B33-EBEA-4F98-B9B4-84EACCB95AA2): 4
LogDevObjectVersion:   Dev-Platform (6631380F-2D4D-43E0-8009-CF276956A95A): 0
LogDevObjectVersion:   Dev-Rendering (12F88B9F-8875-4AFC-A67C-D90C383ABD29): 43
LogDevObjectVersion:   Dev-Sequencer (7B5AE74C-D270-4C10-A958-57980B212A5A): 12
LogDevObjectVersion:   Dev-VR (D7296918-1DD6-4BDD-9DE2-64A83CC13884): 3
LogDevObjectVersion:   Dev-LoadTimes (C2A15278-BFE7-4AFE-6C17-90FF531DF755): 1
LogDevObjectVersion:   Private-Geometry (6EACA3D4-40EC-4CC1-B786-8BED09428FC5): 3
LogDevObjectVersion:   Dev-AnimPhys (29E575DD-E0A3-4627-9D10-D276232CDCEA): 17
LogDevObjectVersion:   Dev-Anim (AF43A65D-7FD3-4947-9873-3E8ED9C1BB05): 7
LogDevObjectVersion:   Dev-ReflectionCapture (6B266CEC-1EC7-4B8F-A30B-E4D90942FC07): 1
LogDevObjectVersion:   Dev-Automation (0DF73D61-A23F-47EA-B727-89E90C41499A): 1
LogDevObjectVersion:   FortniteMain (601D1886-AC64-4F84-AA16-D3DE0DEAC7D6): 31
LogDevObjectVersion:   Dev-Enterprise (9DFFBCD6-494F-0158-E221-12823C92A888): 10
LogDevObjectVersion:   Dev-Niagara (F2AED0AC-9AFE-416F-8664-AA7FFA26D6FC): 1
LogDevObjectVersion:   Dev-Destruction (174F1F0B-B4C6-45A5-B13F-2EE8D0FB917D): 10
LogDevObjectVersion:   Dev-Physics-Ext (35F94A83-E258-406C-A318-09F59610247C): 37
LogDevObjectVersion:   Dev-PhysicsMaterial-Chaos (B68FC16E-8B1B-42E2-B453-215C058844FE): 1
LogDevObjectVersion:   Dev-CineCamera (B2E18506-4273-CFC2-A54E-F4BB758BBA07): 1
LogInit: Presizing for max 25165824 objects, including 0 objects not considered by GC, pre-allocating 0 bytes for permanent pool.
LogConfig: Applying CVar settings from Section [/Script/Engine.StreamingSettings] File [C:/Users/monom/Desktop/コントロールリグマネキン/Saved/Config/Windows/Engine.ini]
LogConfig: Setting CVar [[s.MinBulkDataSizeForAsyncLoading:131072]]
LogConfig: Setting CVar [[s.AsyncLoadingThreadEnabled:0]]
LogConfig: Setting CVar [[s.EventDrivenLoaderEnabled:1]]
LogConfig: Setting CVar [[s.WarnIfTimeLimitExceeded:0]]
LogConfig: Setting CVar [[s.TimeLimitExceededMultiplier:1.5]]
LogConfig: Setting CVar [[s.TimeLimitExceededMinTime:0.005]]
LogConfig: Setting CVar [[s.UseBackgroundLevelStreaming:1]]
LogConfig: Setting CVar [[s.PriorityAsyncLoadingExtraTime:15.0]]
LogConfig: Setting CVar [[s.LevelStreamingActorsUpdateTimeLimit:5.0]]
LogConfig: Setting CVar [[s.PriorityLevelStreamingActorsUpdateExtraTime:5.0]]
LogConfig: Setting CVar [[s.LevelStreamingComponentsRegistrationGranularity:10]]
LogConfig: Setting CVar [[s.UnregisterComponentsTimeLimit:1.0]]
LogConfig: Setting CVar [[s.LevelStreamingComponentsUnregistrationGranularity:5]]
LogConfig: Setting CVar [[s.FlushStreamingOnExit:1]]
LogInit: Object subsystem initialized
LogConfig: Setting CVar [[con.DebugEarlyDefault:1]]
LogConfig: Setting CVar [[r.setres:1280x720]]
[2020.09.17-13.39.18:282][  0]LogConfig: Setting CVar [[r.VSync:0]]
[2020.09.17-13.39.18:282][  0]LogConfig: Setting CVar [[r.RHICmdBypass:0]]
[2020.09.17-13.39.18:282][  0]LogConfig: Applying CVar settings from Section [/Script/Engine.RendererSettings] File [C:/Users/monom/Desktop/コントロールリグマネキン/Saved/Config/Windows/Engine.ini]
[2020.09.17-13.39.18:282][  0]LogConfig: Setting CVar [[r.GPUCrashDebugging:0]]
[2020.09.17-13.39.18:282][  0]LogConfig: Applying CVar settings from Section [/Script/Engine.RendererOverrideSettings] File [C:/Users/monom/Desktop/コントロールリグマネキン/Saved/Config/Windows/Engine.ini]
[2020.09.17-13.39.18:282][  0]LogConfig: Applying CVar settings from Section [/Script/Engine.StreamingSettings] File [C:/Users/monom/Desktop/コントロールリグマネキン/Saved/Config/Windows/Engine.ini]
[2020.09.17-13.39.18:282][  0]LogConfig: Setting CVar [[s.MinBulkDataSizeForAsyncLoading:131072]]
[2020.09.17-13.39.18:282][  0]LogConfig: Setting CVar [[s.AsyncLoadingThreadEnabled:0]]
[2020.09.17-13.39.18:282][  0]LogConfig: Setting CVar [[s.EventDrivenLoaderEnabled:1]]
[2020.09.17-13.39.18:282][  0]LogConfig: Setting CVar [[s.WarnIfTimeLimitExceeded:0]]
[2020.09.17-13.39.18:282][  0]LogConfig: Setting CVar [[s.TimeLimitExceededMultiplier:1.5]]
[2020.09.17-13.39.18:282][  0]LogConfig: Setting CVar [[s.TimeLimitExceededMinTime:0.005]]
[2020.09.17-13.39.18:282][  0]LogConfig: Setting CVar [[s.UseBackgroundLevelStreaming:1]]
[2020.09.17-13.39.18:282][  0]LogConfig: Setting CVar [[s.PriorityAsyncLoadingExtraTime:15.0]]
[2020.09.17-13.39.18:282][  0]LogConfig: Setting CVar [[s.LevelStreamingActorsUpdateTimeLimit:5.0]]
[2020.09.17-13.39.18:282][  0]LogConfig: Setting CVar [[s.PriorityLevelStreamingActorsUpdateExtraTime:5.0]]
[2020.09.17-13.39.18:282][  0]LogConfig: Setting CVar [[s.LevelStreamingComponentsRegistrationGranularity:10]]
[2020.09.17-13.39.18:282][  0]LogConfig: Setting CVar [[s.UnregisterComponentsTimeLimit:1.0]]
[2020.09.17-13.39.18:282][  0]LogConfig: Setting CVar [[s.LevelStreamingComponentsUnregistrationGranularity:5]]
[2020.09.17-13.39.18:282][  0]LogConfig: Setting CVar [[s.FlushStreamingOnExit:1]]
[2020.09.17-13.39.18:282][  0]LogConfig: Applying CVar settings from Section [/Script/Engine.GarbageCollectionSettings] File [C:/Users/monom/Desktop/コントロールリグマネキン/Saved/Config/Windows/Engine.ini]
[2020.09.17-13.39.18:282][  0]LogConfig: Setting CVar [[gc.MaxObjectsNotConsideredByGC:1]]
[2020.09.17-13.39.18:282][  0]LogConfig: Setting CVar [[gc.SizeOfPermanentObjectPool:0]]
[2020.09.17-13.39.18:282][  0]LogConfig: Setting CVar [[gc.FlushStreamingOnGC:0]]
[2020.09.17-13.39.18:282][  0]LogConfig: Setting CVar [[gc.NumRetriesBeforeForcingGC:10]]
[2020.09.17-13.39.18:282][  0]LogConfig: Setting CVar [[gc.AllowParallelGC:1]]
[2020.09.17-13.39.18:282][  0]LogConfig: Setting CVar [[gc.TimeBetweenPurgingPendingKillObjects:61.1]]
[2020.09.17-13.39.18:282][  0]LogConfig: Setting CVar [[gc.MaxObjectsInEditor:25165824]]
[2020.09.17-13.39.18:282][  0]LogConfig: Setting CVar [[gc.IncrementalBeginDestroyEnabled:1]]
[2020.09.17-13.39.18:282][  0]LogConfig: Setting CVar [[gc.CreateGCClusters:1]]
[2020.09.17-13.39.18:282][  0]LogConfig: Setting CVar [[gc.MinGCClusterSize:5]]
[2020.09.17-13.39.18:282][  0]LogConfig: Setting CVar [[gc.ActorClusteringEnabled:0]]
[2020.09.17-13.39.18:282][  0]LogConfig: Setting CVar [[gc.BlueprintClusteringEnabled:0]]
[2020.09.17-13.39.18:282][  0]LogConfig: Setting CVar [[gc.UseDisregardForGCOnDedicatedServers:0]]
[2020.09.17-13.39.18:282][  0]LogConfig: Applying CVar settings from Section [/Script/Engine.NetworkSettings] File [C:/Users/monom/Desktop/コントロールリグマネキン/Saved/Config/Windows/Engine.ini]
[2020.09.17-13.39.18:282][  0]LogConfig: Applying CVar settings from Section [/Script/UnrealEd.CookerSettings] File [C:/Users/monom/Desktop/コントロールリグマネキン/Saved/Config/Windows/Engine.ini]
[2020.09.17-13.39.18:285][  0]LogConfig: Applying CVar settings from Section [ViewDistanceQuality@3] File [C:/Users/monom/Desktop/コントロールリグマネキン/Saved/Config/Windows/Scalability.ini]
[2020.09.17-13.39.18:285][  0]LogConfig: Setting CVar [[r.SkeletalMeshLODBias:0]]
[2020.09.17-13.39.18:285][  0]LogConfig: Setting CVar [[r.ViewDistanceScale:1.0]]
[2020.09.17-13.39.18:285][  0]LogConfig: Applying CVar settings from Section [AntiAliasingQuality@3] File [C:/Users/monom/Desktop/コントロールリグマネキン/Saved/Config/Windows/Scalability.ini]
[2020.09.17-13.39.18:285][  0]LogConfig: Setting CVar [[r.PostProcessAAQuality:4]]
[2020.09.17-13.39.18:285][  0]LogConfig: Applying CVar settings from Section [ShadowQuality@3] File [C:/Users/monom/Desktop/コントロールリグマネキン/Saved/Config/Windows/Scalability.ini]
[2020.09.17-13.39.18:285][  0]LogConfig: Setting CVar [[r.LightFunctionQuality:1]]
[2020.09.17-13.39.18:285][  0]LogConfig: Setting CVar [[r.ShadowQuality:5]]
[2020.09.17-13.39.18:285][  0]LogConfig: Setting CVar [[r.Shadow.CSM.MaxCascades:10]]
[2020.09.17-13.39.18:285][  0]LogConfig: Setting CVar [[r.Shadow.MaxResolution:2048]]
[2020.09.17-13.39.18:285][  0]LogConfig: Setting CVar [[r.Shadow.MaxCSMResolution:2048]]
[2020.09.17-13.39.18:285][  0]LogConfig: Setting CVar [[r.Shadow.RadiusThreshold:0.01]]
[2020.09.17-13.39.18:285][  0]LogConfig: Setting CVar [[r.Shadow.DistanceScale:1.0]]
[2020.09.17-13.39.18:285][  0]LogConfig: Setting CVar [[r.Shadow.CSM.TransitionScale:1.0]]
[2020.09.17-13.39.18:285][  0]LogConfig: Setting CVar [[r.Shadow.PreShadowResolutionFactor:1.0]]
[2020.09.17-13.39.18:285][  0]LogConfig: Setting CVar [[r.DistanceFieldShadowing:1]]
[2020.09.17-13.39.18:285][  0]LogConfig: Setting CVar [[r.DistanceFieldAO:1]]
[2020.09.17-13.39.18:285][  0]LogConfig: Setting CVar [[r.AOQuality:2]]
[2020.09.17-13.39.18:285][  0]LogConfig: Setting CVar [[r.VolumetricFog:1]]
[2020.09.17-13.39.18:285][  0]LogConfig: Setting CVar [[r.VolumetricFog.GridPixelSize:8]]
[2020.09.17-13.39.18:285][  0]LogConfig: Setting CVar [[r.VolumetricFog.GridSizeZ:128]]
[2020.09.17-13.39.18:285][  0]LogConfig: Setting CVar [[r.VolumetricFog.HistoryMissSupersampleCount:4]]
[2020.09.17-13.39.18:285][  0]LogConfig: Setting CVar [[r.LightMaxDrawDistanceScale:1]]
[2020.09.17-13.39.18:285][  0]LogConfig: Setting CVar [[r.CapsuleShadows:1]]
[2020.09.17-13.39.18:285][  0]LogConfig: Applying CVar settings from Section [PostProcessQuality@3] File [C:/Users/monom/Desktop/コントロールリグマネキン/Saved/Config/Windows/Scalability.ini]
[2020.09.17-13.39.18:285][  0]LogConfig: Setting CVar [[r.MotionBlurQuality:4]]
[2020.09.17-13.39.18:285][  0]LogConfig: Setting CVar [[r.AmbientOcclusionMipLevelFactor:0.4]]
[2020.09.17-13.39.18:285][  0]LogConfig: Setting CVar [[r.AmbientOcclusionMaxQuality:100]]
[2020.09.17-13.39.18:285][  0]LogConfig: Setting CVar [[r.AmbientOcclusionLevels:-1]]
[2020.09.17-13.39.18:285][  0]LogConfig: Setting CVar [[r.AmbientOcclusionRadiusScale:1.0]]
[2020.09.17-13.39.18:285][  0]LogConfig: Setting CVar [[r.DepthOfFieldQuality:2]]
[2020.09.17-13.39.18:285][  0]LogConfig: Setting CVar [[r.RenderTargetPoolMin:400]]
[2020.09.17-13.39.18:285][  0]LogConfig: Setting CVar [[r.LensFlareQuality:2]]
[2020.09.17-13.39.18:285][  0]LogConfig: Setting CVar [[r.SceneColorFringeQuality:1]]
[2020.09.17-13.39.18:285][  0]LogConfig: Setting CVar [[r.EyeAdaptationQuality:2]]
[2020.09.17-13.39.18:286][  0]LogConfig: Setting CVar [[r.BloomQuality:5]]
[2020.09.17-13.39.18:286][  0]LogConfig: Setting CVar [[r.FastBlurThreshold:100]]
[2020.09.17-13.39.18:286][  0]LogConfig: Setting CVar [[r.Upscale.Quality:3]]
[2020.09.17-13.39.18:286][  0]LogConfig: Setting CVar [[r.Tonemapper.GrainQuantization:1]]
[2020.09.17-13.39.18:286][  0]LogConfig: Setting CVar [[r.LightShaftQuality:1]]
[2020.09.17-13.39.18:286][  0]LogConfig: Setting CVar [[r.Filter.SizeScale:1]]
[2020.09.17-13.39.18:286][  0]LogConfig: Setting CVar [[r.Tonemapper.Quality:5]]
[2020.09.17-13.39.18:286][  0]LogConfig: Setting CVar [[r.DOF.Gather.AccumulatorQuality:1        ; higher gathering accumulator quality]]
[2020.09.17-13.39.18:286][  0]LogConfig: Setting CVar [[r.DOF.Gather.PostfilterMethod:1          ; Median3x3 postfilering method]]
[2020.09.17-13.39.18:286][  0]LogConfig: Setting CVar [[r.DOF.Gather.EnableBokehSettings:0       ; no bokeh simulation when gathering]]
[2020.09.17-13.39.18:286][  0]LogConfig: Setting CVar [[r.DOF.Gather.RingCount:4                 ; medium number of samples when gathering]]
[2020.09.17-13.39.18:286][  0]LogConfig: Setting CVar [[r.DOF.Scatter.ForegroundCompositing:1    ; additive foreground scattering]]
[2020.09.17-13.39.18:286][  0]LogConfig: Setting CVar [[r.DOF.Scatter.BackgroundCompositing:2    ; additive background scattering]]
[2020.09.17-13.39.18:286][  0]LogConfig: Setting CVar [[r.DOF.Scatter.EnableBokehSettings:1      ; bokeh simulation when scattering]]
[2020.09.17-13.39.18:286][  0]LogConfig: Setting CVar [[r.DOF.Scatter.MaxSpriteRatio:0.1         ; only a maximum of 10% of scattered bokeh]]
[2020.09.17-13.39.18:286][  0]LogConfig: Setting CVar [[r.DOF.Recombine.Quality:1                ; cheap slight out of focus]]
[2020.09.17-13.39.18:286][  0]LogConfig: Setting CVar [[r.DOF.Recombine.EnableBokehSettings:0    ; no bokeh simulation on slight out of focus]]
[2020.09.17-13.39.18:286][  0]LogConfig: Setting CVar [[r.DOF.TemporalAAQuality:1                ; more stable temporal accumulation]]
[2020.09.17-13.39.18:286][  0]LogConfig: Setting CVar [[r.DOF.Kernel.MaxForegroundRadius:0.025]]
[2020.09.17-13.39.18:286][  0]LogConfig: Setting CVar [[r.DOF.Kernel.MaxBackgroundRadius:0.025]]
[2020.09.17-13.39.18:286][  0]LogConfig: Applying CVar settings from Section [TextureQuality@3] File [C:/Users/monom/Desktop/コントロールリグマネキン/Saved/Config/Windows/Scalability.ini]
[2020.09.17-13.39.18:286][  0]LogConfig: Setting CVar [[r.Streaming.MipBias:0]]
[2020.09.17-13.39.18:286][  0]LogConfig: Setting CVar [[r.Streaming.AmortizeCPUToGPUCopy:0]]
[2020.09.17-13.39.18:286][  0]LogConfig: Setting CVar [[r.Streaming.MaxNumTexturesToStreamPerFrame:0]]
[2020.09.17-13.39.18:286][  0]LogConfig: Setting CVar [[r.Streaming.Boost:1]]
[2020.09.17-13.39.18:286][  0]LogConfig: Setting CVar [[r.MaxAnisotropy:8]]
[2020.09.17-13.39.18:286][  0]LogConfig: Setting CVar [[r.VT.MaxAnisotropy:8]]
[2020.09.17-13.39.18:286][  0]LogConfig: Setting CVar [[r.Streaming.LimitPoolSizeToVRAM:0]]
[2020.09.17-13.39.18:286][  0]LogConfig: Setting CVar [[r.Streaming.PoolSize:1000]]
[2020.09.17-13.39.18:286][  0]LogConfig: Setting CVar [[r.Streaming.MaxEffectiveScreenSize:0]]
[2020.09.17-13.39.18:286][  0]LogConfig: Applying CVar settings from Section [EffectsQuality@3] File [C:/Users/monom/Desktop/コントロールリグマネキン/Saved/Config/Windows/Scalability.ini]
[2020.09.17-13.39.18:286][  0]LogConfig: Setting CVar [[r.TranslucencyLightingVolumeDim:64]]
[2020.09.17-13.39.18:286][  0]LogConfig: Setting CVar [[r.RefractionQuality:2]]
[2020.09.17-13.39.18:286][  0]LogConfig: Setting CVar [[r.SSR.Quality:3]]
[2020.09.17-13.39.18:286][  0]LogConfig: Setting CVar [[r.SSR.HalfResSceneColor:0]]
[2020.09.17-13.39.18:286][  0]LogConfig: Setting CVar [[r.SceneColorFormat:4]]
[2020.09.17-13.39.18:286][  0]LogConfig: Setting CVar [[r.DetailMode:2]]
[2020.09.17-13.39.18:286][  0]LogConfig: Setting CVar [[r.TranslucencyVolumeBlur:1]]
[2020.09.17-13.39.18:286][  0]LogConfig: Setting CVar [[r.MaterialQualityLevel:1 ; High quality]]
[2020.09.17-13.39.18:286][  0]LogConfig: Setting CVar [[r.SSS.Scale:1]]
[2020.09.17-13.39.18:286][  0]LogConfig: Setting CVar [[r.SSS.SampleSet:2]]
[2020.09.17-13.39.18:286][  0]LogConfig: Setting CVar [[r.SSS.Quality:1]]
[2020.09.17-13.39.18:286][  0]LogConfig: Setting CVar [[r.SSS.HalfRes:0]]
[2020.09.17-13.39.18:286][  0]LogConfig: Setting CVar [[r.SSGI.Quality:3]]
[2020.09.17-13.39.18:286][  0]LogConfig: Setting CVar [[r.EmitterSpawnRateScale:1.0]]
[2020.09.17-13.39.18:286][  0]LogConfig: Setting CVar [[r.ParticleLightQuality:2]]
[2020.09.17-13.39.18:286][  0]LogConfig: Setting CVar [[r.SkyAtmosphere.AerialPerspectiveLUT.FastApplyOnOpaque:1 ; Always have FastSkyLUT 1 in this case to avoid wrong sky]]
[2020.09.17-13.39.18:286][  0]LogConfig: Setting CVar [[r.SkyAtmosphere.AerialPerspectiveLUT.SampleCountPerSlice:1]]
[2020.09.17-13.39.18:286][  0]LogConfig: Setting CVar [[r.SkyAtmosphere.AerialPerspectiveLUT.DepthResolution:16.0]]
[2020.09.17-13.39.18:286][  0]LogConfig: Setting CVar [[r.SkyAtmosphere.FastSkyLUT:1]]
[2020.09.17-13.39.18:286][  0]LogConfig: Setting CVar [[r.SkyAtmosphere.FastSkyLUT.SampleCountMin:4.0]]
[2020.09.17-13.39.18:286][  0]LogConfig: Setting CVar [[r.SkyAtmosphere.FastSkyLUT.SampleCountMax:32.0]]
[2020.09.17-13.39.18:286][  0]LogConfig: Setting CVar [[r.SkyAtmosphere.SampleCountMin:4.0]]
[2020.09.17-13.39.18:286][  0]LogConfig: Setting CVar [[r.SkyAtmosphere.SampleCountMax:32.0]]
[2020.09.17-13.39.18:286][  0]LogConfig: Setting CVar [[r.SkyAtmosphere.TransmittanceLUT.UseSmallFormat:0]]
[2020.09.17-13.39.18:286][  0]LogConfig: Setting CVar [[r.SkyAtmosphere.TransmittanceLUT.SampleCount:10.0]]
[2020.09.17-13.39.18:286][  0]LogConfig: Setting CVar [[r.SkyAtmosphere.MultiScatteringLUT.SampleCount:15.0]]
[2020.09.17-13.39.18:286][  0]LogConfig: Applying CVar settings from Section [FoliageQuality@3] File [C:/Users/monom/Desktop/コントロールリグマネキン/Saved/Config/Windows/Scalability.ini]
[2020.09.17-13.39.18:286][  0]LogConfig: Setting CVar [[foliage.DensityScale:1.0]]
[2020.09.17-13.39.18:286][  0]LogConfig: Setting CVar [[grass.DensityScale:1.0]]
[2020.09.17-13.39.18:286][  0]LogConfig: Applying CVar settings from Section [ShadingQuality@3] File [C:/Users/monom/Desktop/コントロールリグマネキン/Saved/Config/Windows/Scalability.ini]
[2020.09.17-13.39.18:286][  0]LogConfig: Setting CVar [[r.HairStrands.SkyLighting.SampleCount:16]]
[2020.09.17-13.39.18:286][  0]LogConfig: Setting CVar [[r.HairStrands.SkyLighting.JitterIntegration:0]]
[2020.09.17-13.39.18:286][  0]LogConfig: Setting CVar [[r.HairStrands.SkyAO.SampleCount:16]]
[2020.09.17-13.39.18:286][  0]LogConfig: Setting CVar [[r.HairStrands.DeepShadow.SuperSampling:0]]
[2020.09.17-13.39.18:286][  0]LogConfig: Setting CVar [[r.HairStrands.VisibilityPPLL:0]]
[2020.09.17-13.39.18:286][  0]LogConfig: Setting CVar [[r.HairStrands.RasterizationScale:0.5]]
[2020.09.17-13.39.18:286][  0]LogConfig: Setting CVar [[r.HairStrands.VelocityRasterizationScale:1]]
[2020.09.17-13.39.18:286][  0]LogInit: Selected Device Profile: [Windows]
[2020.09.17-13.39.18:286][  0]LogInit: Applying CVar settings loaded from the selected device profile: [Windows]
[2020.09.17-13.39.18:286][  0]LogHAL: Display: Platform has ~ 64 GB [68555337728 / 68719476736 / 64], which maps to Largest [LargestMinGB=32, LargerMinGB=12, DefaultMinGB=8, SmallerMinGB=6, SmallestMinGB=0)
[2020.09.17-13.39.18:286][  0]LogInit: Going up to parent DeviceProfile []
[2020.09.17-13.39.18:287][  0]LogConfig: Applying CVar settings from Section [ViewDistanceQuality@3] File [C:/Users/monom/Desktop/コントロールリグマネキン/Saved/Config/Windows/Scalability.ini]
[2020.09.17-13.39.18:287][  0]LogConfig: Setting CVar [[r.SkeletalMeshLODBias:0]]
[2020.09.17-13.39.18:287][  0]LogConfig: Setting CVar [[r.ViewDistanceScale:1.0]]
[2020.09.17-13.39.18:287][  0]LogConfig: Applying CVar settings from Section [AntiAliasingQuality@3] File [C:/Users/monom/Desktop/コントロールリグマネキン/Saved/Config/Windows/Scalability.ini]
[2020.09.17-13.39.18:287][  0]LogConfig: Setting CVar [[r.PostProcessAAQuality:4]]
[2020.09.17-13.39.18:287][  0]LogConfig: Applying CVar settings from Section [ShadowQuality@3] File [C:/Users/monom/Desktop/コントロールリグマネキン/Saved/Config/Windows/Scalability.ini]
[2020.09.17-13.39.18:287][  0]LogConfig: Setting CVar [[r.LightFunctionQuality:1]]
[2020.09.17-13.39.18:287][  0]LogConfig: Setting CVar [[r.ShadowQuality:5]]
[2020.09.17-13.39.18:287][  0]LogConfig: Setting CVar [[r.Shadow.CSM.MaxCascades:10]]
[2020.09.17-13.39.18:287][  0]LogConfig: Setting CVar [[r.Shadow.MaxResolution:2048]]
[2020.09.17-13.39.18:287][  0]LogConfig: Setting CVar [[r.Shadow.MaxCSMResolution:2048]]
[2020.09.17-13.39.18:287][  0]LogConfig: Setting CVar [[r.Shadow.RadiusThreshold:0.01]]
[2020.09.17-13.39.18:287][  0]LogConfig: Setting CVar [[r.Shadow.DistanceScale:1.0]]
[2020.09.17-13.39.18:287][  0]LogConfig: Setting CVar [[r.Shadow.CSM.TransitionScale:1.0]]
[2020.09.17-13.39.18:287][  0]LogConfig: Setting CVar [[r.Shadow.PreShadowResolutionFactor:1.0]]
[2020.09.17-13.39.18:287][  0]LogConfig: Setting CVar [[r.DistanceFieldShadowing:1]]
[2020.09.17-13.39.18:287][  0]LogConfig: Setting CVar [[r.DistanceFieldAO:1]]
[2020.09.17-13.39.18:287][  0]LogConfig: Setting CVar [[r.AOQuality:2]]
[2020.09.17-13.39.18:287][  0]LogConfig: Setting CVar [[r.VolumetricFog:1]]
[2020.09.17-13.39.18:287][  0]LogConfig: Setting CVar [[r.VolumetricFog.GridPixelSize:8]]
[2020.09.17-13.39.18:287][  0]LogConfig: Setting CVar [[r.VolumetricFog.GridSizeZ:128]]
[2020.09.17-13.39.18:287][  0]LogConfig: Setting CVar [[r.VolumetricFog.HistoryMissSupersampleCount:4]]
[2020.09.17-13.39.18:287][  0]LogConfig: Setting CVar [[r.LightMaxDrawDistanceScale:1]]
[2020.09.17-13.39.18:287][  0]LogConfig: Setting CVar [[r.CapsuleShadows:1]]
[2020.09.17-13.39.18:287][  0]LogConfig: Applying CVar settings from Section [PostProcessQuality@3] File [C:/Users/monom/Desktop/コントロールリグマネキン/Saved/Config/Windows/Scalability.ini]
[2020.09.17-13.39.18:287][  0]LogConfig: Setting CVar [[r.MotionBlurQuality:4]]
[2020.09.17-13.39.18:287][  0]LogConfig: Setting CVar [[r.AmbientOcclusionMipLevelFactor:0.4]]
[2020.09.17-13.39.18:287][  0]LogConfig: Setting CVar [[r.AmbientOcclusionMaxQuality:100]]
[2020.09.17-13.39.18:287][  0]LogConfig: Setting CVar [[r.AmbientOcclusionLevels:-1]]
[2020.09.17-13.39.18:287][  0]LogConfig: Setting CVar [[r.AmbientOcclusionRadiusScale:1.0]]
[2020.09.17-13.39.18:287][  0]LogConfig: Setting CVar [[r.DepthOfFieldQuality:2]]
[2020.09.17-13.39.18:287][  0]LogConfig: Setting CVar [[r.RenderTargetPoolMin:400]]
[2020.09.17-13.39.18:287][  0]LogConfig: Setting CVar [[r.LensFlareQuality:2]]
[2020.09.17-13.39.18:287][  0]LogConfig: Setting CVar [[r.SceneColorFringeQuality:1]]
[2020.09.17-13.39.18:287][  0]LogConfig: Setting CVar [[r.EyeAdaptationQuality:2]]
[2020.09.17-13.39.18:287][  0]LogConfig: Setting CVar [[r.BloomQuality:5]]
[2020.09.17-13.39.18:287][  0]LogConfig: Setting CVar [[r.FastBlurThreshold:100]]
[2020.09.17-13.39.18:287][  0]LogConfig: Setting CVar [[r.Upscale.Quality:3]]
[2020.09.17-13.39.18:287][  0]LogConfig: Setting CVar [[r.Tonemapper.GrainQuantization:1]]
[2020.09.17-13.39.18:287][  0]LogConfig: Setting CVar [[r.LightShaftQuality:1]]
[2020.09.17-13.39.18:287][  0]LogConfig: Setting CVar [[r.Filter.SizeScale:1]]
[2020.09.17-13.39.18:287][  0]LogConfig: Setting CVar [[r.Tonemapper.Quality:5]]
[2020.09.17-13.39.18:287][  0]LogConfig: Setting CVar [[r.DOF.Gather.AccumulatorQuality:1        ; higher gathering accumulator quality]]
[2020.09.17-13.39.18:287][  0]LogConfig: Setting CVar [[r.DOF.Gather.PostfilterMethod:1          ; Median3x3 postfilering method]]
[2020.09.17-13.39.18:287][  0]LogConfig: Setting CVar [[r.DOF.Gather.EnableBokehSettings:0       ; no bokeh simulation when gathering]]
[2020.09.17-13.39.18:287][  0]LogConfig: Setting CVar [[r.DOF.Gather.RingCount:4                 ; medium number of samples when gathering]]
[2020.09.17-13.39.18:287][  0]LogConfig: Setting CVar [[r.DOF.Scatter.ForegroundCompositing:1    ; additive foreground scattering]]
[2020.09.17-13.39.18:287][  0]LogConfig: Setting CVar [[r.DOF.Scatter.BackgroundCompositing:2    ; additive background scattering]]
[2020.09.17-13.39.18:287][  0]LogConfig: Setting CVar [[r.DOF.Scatter.EnableBokehSettings:1      ; bokeh simulation when scattering]]
[2020.09.17-13.39.18:287][  0]LogConfig: Setting CVar [[r.DOF.Scatter.MaxSpriteRatio:0.1         ; only a maximum of 10% of scattered bokeh]]
[2020.09.17-13.39.18:287][  0]LogConfig: Setting CVar [[r.DOF.Recombine.Quality:1                ; cheap slight out of focus]]
[2020.09.17-13.39.18:287][  0]LogConfig: Setting CVar [[r.DOF.Recombine.EnableBokehSettings:0    ; no bokeh simulation on slight out of focus]]
[2020.09.17-13.39.18:287][  0]LogConfig: Setting CVar [[r.DOF.TemporalAAQuality:1                ; more stable temporal accumulation]]
[2020.09.17-13.39.18:287][  0]LogConfig: Setting CVar [[r.DOF.Kernel.MaxForegroundRadius:0.025]]
[2020.09.17-13.39.18:287][  0]LogConfig: Setting CVar [[r.DOF.Kernel.MaxBackgroundRadius:0.025]]
[2020.09.17-13.39.18:287][  0]LogConfig: Applying CVar settings from Section [TextureQuality@3] File [C:/Users/monom/Desktop/コントロールリグマネキン/Saved/Config/Windows/Scalability.ini]
[2020.09.17-13.39.18:287][  0]LogConfig: Setting CVar [[r.Streaming.MipBias:0]]
[2020.09.17-13.39.18:287][  0]LogConfig: Setting CVar [[r.Streaming.AmortizeCPUToGPUCopy:0]]
[2020.09.17-13.39.18:287][  0]LogConfig: Setting CVar [[r.Streaming.MaxNumTexturesToStreamPerFrame:0]]
[2020.09.17-13.39.18:287][  0]LogConfig: Setting CVar [[r.Streaming.Boost:1]]
[2020.09.17-13.39.18:287][  0]LogConfig: Setting CVar [[r.MaxAnisotropy:8]]
[2020.09.17-13.39.18:287][  0]LogConfig: Setting CVar [[r.VT.MaxAnisotropy:8]]
[2020.09.17-13.39.18:287][  0]LogConfig: Setting CVar [[r.Streaming.LimitPoolSizeToVRAM:0]]
[2020.09.17-13.39.18:287][  0]LogConfig: Setting CVar [[r.Streaming.PoolSize:1000]]
[2020.09.17-13.39.18:287][  0]LogConfig: Setting CVar [[r.Streaming.MaxEffectiveScreenSize:0]]
[2020.09.17-13.39.18:287][  0]LogConfig: Applying CVar settings from Section [EffectsQuality@3] File [C:/Users/monom/Desktop/コントロールリグマネキン/Saved/Config/Windows/Scalability.ini]
[2020.09.17-13.39.18:287][  0]LogConfig: Setting CVar [[r.TranslucencyLightingVolumeDim:64]]
[2020.09.17-13.39.18:287][  0]LogConfig: Setting CVar [[r.RefractionQuality:2]]
[2020.09.17-13.39.18:287][  0]LogConfig: Setting CVar [[r.SSR.Quality:3]]
[2020.09.17-13.39.18:287][  0]LogConfig: Setting CVar [[r.SSR.HalfResSceneColor:0]]
[2020.09.17-13.39.18:287][  0]LogConfig: Setting CVar [[r.SceneColorFormat:4]]
[2020.09.17-13.39.18:287][  0]LogConfig: Setting CVar [[r.DetailMode:2]]
[2020.09.17-13.39.18:287][  0]LogConfig: Setting CVar [[r.TranslucencyVolumeBlur:1]]
[2020.09.17-13.39.18:287][  0]LogConfig: Setting CVar [[r.MaterialQualityLevel:1 ; High quality]]
[2020.09.17-13.39.18:287][  0]LogConfig: Setting CVar [[r.SSS.Scale:1]]
[2020.09.17-13.39.18:287][  0]LogConfig: Setting CVar [[r.SSS.SampleSet:2]]
[2020.09.17-13.39.18:287][  0]LogConfig: Setting CVar [[r.SSS.Quality:1]]
[2020.09.17-13.39.18:287][  0]LogConfig: Setting CVar [[r.SSS.HalfRes:0]]
[2020.09.17-13.39.18:287][  0]LogConfig: Setting CVar [[r.SSGI.Quality:3]]
[2020.09.17-13.39.18:287][  0]LogConfig: Setting CVar [[r.EmitterSpawnRateScale:1.0]]
[2020.09.17-13.39.18:287][  0]LogConfig: Setting CVar [[r.ParticleLightQuality:2]]
[2020.09.17-13.39.18:287][  0]LogConfig: Setting CVar [[r.SkyAtmosphere.AerialPerspectiveLUT.FastApplyOnOpaque:1 ; Always have FastSkyLUT 1 in this case to avoid wrong sky]]
[2020.09.17-13.39.18:288][  0]LogConfig: Setting CVar [[r.SkyAtmosphere.AerialPerspectiveLUT.SampleCountPerSlice:1]]
[2020.09.17-13.39.18:288][  0]LogConfig: Setting CVar [[r.SkyAtmosphere.AerialPerspectiveLUT.DepthResolution:16.0]]
[2020.09.17-13.39.18:288][  0]LogConfig: Setting CVar [[r.SkyAtmosphere.FastSkyLUT:1]]
[2020.09.17-13.39.18:288][  0]LogConfig: Setting CVar [[r.SkyAtmosphere.FastSkyLUT.SampleCountMin:4.0]]
[2020.09.17-13.39.18:288][  0]LogConfig: Setting CVar [[r.SkyAtmosphere.FastSkyLUT.SampleCountMax:32.0]]
[2020.09.17-13.39.18:288][  0]LogConfig: Setting CVar [[r.SkyAtmosphere.SampleCountMin:4.0]]
[2020.09.17-13.39.18:288][  0]LogConfig: Setting CVar [[r.SkyAtmosphere.SampleCountMax:32.0]]
[2020.09.17-13.39.18:288][  0]LogConfig: Setting CVar [[r.SkyAtmosphere.TransmittanceLUT.UseSmallFormat:0]]
[2020.09.17-13.39.18:288][  0]LogConfig: Setting CVar [[r.SkyAtmosphere.TransmittanceLUT.SampleCount:10.0]]
[2020.09.17-13.39.18:288][  0]LogConfig: Setting CVar [[r.SkyAtmosphere.MultiScatteringLUT.SampleCount:15.0]]
[2020.09.17-13.39.18:288][  0]LogConfig: Applying CVar settings from Section [FoliageQuality@3] File [C:/Users/monom/Desktop/コントロールリグマネキン/Saved/Config/Windows/Scalability.ini]
[2020.09.17-13.39.18:288][  0]LogConfig: Setting CVar [[foliage.DensityScale:1.0]]
[2020.09.17-13.39.18:288][  0]LogConfig: Setting CVar [[grass.DensityScale:1.0]]
[2020.09.17-13.39.18:288][  0]LogConfig: Applying CVar settings from Section [ShadingQuality@3] File [C:/Users/monom/Desktop/コントロールリグマネキン/Saved/Config/Windows/Scalability.ini]
[2020.09.17-13.39.18:288][  0]LogConfig: Setting CVar [[r.HairStrands.SkyLighting.SampleCount:16]]
[2020.09.17-13.39.18:288][  0]LogConfig: Setting CVar [[r.HairStrands.SkyLighting.JitterIntegration:0]]
[2020.09.17-13.39.18:288][  0]LogConfig: Setting CVar [[r.HairStrands.SkyAO.SampleCount:16]]
[2020.09.17-13.39.18:288][  0]LogConfig: Setting CVar [[r.HairStrands.DeepShadow.SuperSampling:0]]
[2020.09.17-13.39.18:288][  0]LogConfig: Setting CVar [[r.HairStrands.VisibilityPPLL:0]]
[2020.09.17-13.39.18:288][  0]LogConfig: Setting CVar [[r.HairStrands.RasterizationScale:0.5]]
[2020.09.17-13.39.18:288][  0]LogConfig: Setting CVar [[r.HairStrands.VelocityRasterizationScale:1]]
[2020.09.17-13.39.18:288][  0]LogConfig: Applying CVar settings from Section [Startup] File [../../../Engine/Config/ConsoleVariables.ini]
[2020.09.17-13.39.18:288][  0]LogConfig: Setting CVar [[net.UseAdaptiveNetUpdateFrequency:0]]
[2020.09.17-13.39.18:288][  0]LogConfig: Setting CVar [[p.chaos.AllowCreatePhysxBodies:1]]
[2020.09.17-13.39.18:288][  0]LogConfig: Setting CVar [[fx.SkipVectorVMBackendOptimizations:1]]
[2020.09.17-13.39.18:288][  0]LogConfig: Applying CVar settings from Section [ConsoleVariables] File [C:/Users/monom/Desktop/コントロールリグマネキン/Saved/Config/Windows/Engine.ini]
[2020.09.17-13.39.18:288][  0]LogInit: Computer: MSI
[2020.09.17-13.39.18:288][  0]LogInit: User: monom
[2020.09.17-13.39.18:288][  0]LogInit: CPU Page size=4096, Cores=6
[2020.09.17-13.39.18:288][  0]LogInit: High frequency timer resolution =10.000000 MHz
[2020.09.17-13.39.18:288][  0]LogMemory: Memory total: Physical=63.8GB (64GB approx)
[2020.09.17-13.39.18:288][  0]LogMemory: Platform Memory Stats for Windows
[2020.09.17-13.39.18:288][  0]LogMemory: Process Physical Memory: 115.09 MB used, 115.10 MB peak
[2020.09.17-13.39.18:288][  0]LogMemory: Process Virtual Memory: 97.32 MB used, 97.32 MB peak
[2020.09.17-13.39.18:288][  0]LogMemory: Physical Memory: 8497.16 MB used,  56882.30 MB free, 65379.46 MB total
[2020.09.17-13.39.18:288][  0]LogMemory: Virtual Memory: 5166.05 MB used,  134212560.00 MB free, 134217728.00 MB total
[2020.09.17-13.39.18:530][  0]LogWindows: WindowsPlatformFeatures enabled
[2020.09.17-13.39.18:561][  0]LogInit: Physics initialised using underlying interface: PhysX
[2020.09.17-13.39.18:562][  0]LogInit: Using OS detected language (ja-JP).
[2020.09.17-13.39.18:562][  0]LogInit: Using OS detected locale (ja-JP).
[2020.09.17-13.39.18:565][  0]LogTextLocalizationManager: No specific localization for 'ja-JP' exists, so the 'ja' localization will be used.
[2020.09.17-13.39.18:660][  0]LogInit: Setting process to per monitor DPI aware
[2020.09.17-13.39.18:709][  0]LogSlate: New Slate User Created.  User Index 0, Is Virtual User: 0
[2020.09.17-13.39.18:710][  0]LogSlate: Slate User Registered.  User Index 0, Is Virtual User: 0
[2020.09.17-13.39.18:876][  0]LogHMD: Failed to initialize OpenVR with code 110
[2020.09.17-13.39.18:876][  0]LogD3D11RHI: D3D11 min allowed feature level: 11_0
[2020.09.17-13.39.18:876][  0]LogD3D11RHI: D3D11 max allowed feature level: 11_0
[2020.09.17-13.39.18:876][  0]LogD3D11RHI: D3D11 adapters:
[2020.09.17-13.39.18:952][  0]LogD3D11RHI:    0. 'NVIDIA GeForce GTX 1660 Ti' (Feature Level 11_0)
[2020.09.17-13.39.18:952][  0]LogD3D11RHI:       5991/0/32689 MB DedicatedVideo/DedicatedSystem/SharedSystem, Outputs:1, VendorId:0x10de
[2020.09.17-13.39.18:972][  0]LogD3D11RHI:    1. 'Intel(R) UHD Graphics 630' (Feature Level 11_0)
[2020.09.17-13.39.18:972][  0]LogD3D11RHI:       128/0/32689 MB DedicatedVideo/DedicatedSystem/SharedSystem, Outputs:0, VendorId:0x8086
[2020.09.17-13.39.18:974][  0]LogD3D11RHI:    2. 'Microsoft Basic Render Driver' (Feature Level 11_0)
[2020.09.17-13.39.18:974][  0]LogD3D11RHI:       0/0/32689 MB DedicatedVideo/DedicatedSystem/SharedSystem, Outputs:0, VendorId:0x1414
[2020.09.17-13.39.18:974][  0]LogD3D11RHI: Chosen D3D11 Adapter: 0
[2020.09.17-13.39.19:016][  0]LogD3D11RHI: Creating new Direct3DDevice
[2020.09.17-13.39.19:016][  0]LogD3D11RHI:     GPU DeviceId: 0x2191 (for the marketing name, search the web for "GPU Device Id")
[2020.09.17-13.39.19:016][  0]LogWindows: EnumDisplayDevices:
[2020.09.17-13.39.19:016][  0]LogWindows:    0. 'Intel(R) UHD Graphics 630' (P:1 D:1)
[2020.09.17-13.39.19:016][  0]LogWindows:    1. 'Intel(R) UHD Graphics 630' (P:0 D:0)
[2020.09.17-13.39.19:016][  0]LogWindows:    2. 'Intel(R) UHD Graphics 630' (P:0 D:0)
[2020.09.17-13.39.19:016][  0]LogWindows:    3. 'NVIDIA GeForce GTX 1660 Ti' (P:0 D:0)
[2020.09.17-13.39.19:017][  0]LogWindows:    4. 'NVIDIA GeForce GTX 1660 Ti' (P:0 D:0)
[2020.09.17-13.39.19:017][  0]LogWindows:    5. 'NVIDIA GeForce GTX 1660 Ti' (P:0 D:0)
[2020.09.17-13.39.19:017][  0]LogWindows:    6. 'NVIDIA GeForce GTX 1660 Ti' (P:0 D:0)
[2020.09.17-13.39.19:017][  0]LogWindows: DebugString: PrimaryIsNotTheChoosenAdapter PrimaryIsNotTheChoosenAdapter PrimaryIsNotTheChoosenAdapter FoundDriverCount:4 
[2020.09.17-13.39.19:017][  0]LogD3D11RHI:     Adapter Name: NVIDIA GeForce GTX 1660 Ti
[2020.09.17-13.39.19:017][  0]LogD3D11RHI:   Driver Version: 445.87 (internal:26.21.14.4587, unified:445.87)
[2020.09.17-13.39.19:017][  0]LogD3D11RHI:      Driver Date: 4-3-2020
[2020.09.17-13.39.19:017][  0]LogRHI: Texture pool is 4193 MB (70% of 5991 MB)
[2020.09.17-13.39.19:062][  0]LogD3D11RHI: RHI has support for 64 bit atomics
[2020.09.17-13.39.19:064][  0]LogD3D11RHI: [Aftermath] Enabled and primed
[2020.09.17-13.39.19:064][  0]LogD3D11RHI: Async texture creation enabled
[2020.09.17-13.39.19:064][  0]LogD3D11RHI: Array index from any shader is supported
[2020.09.17-13.39.19:092][  0]LogD3D11RHI: GPU Timing Frequency: 1000.000000 (Debug: 2 1)
[2020.09.17-13.39.19:399][  0]LogTargetPlatformManager: Display: Loaded TargetPlatform 'AllDesktop'
[2020.09.17-13.39.19:422][  0]LogTargetPlatformManager: Display: Loaded TargetPlatform 'Android'
[2020.09.17-13.39.19:422][  0]LogTargetPlatformManager: Display: Loaded TargetPlatform 'Android_ASTC'
[2020.09.17-13.39.19:422][  0]LogTargetPlatformManager: Display: Loaded TargetPlatform 'Android_DXT'
[2020.09.17-13.39.19:422][  0]LogTargetPlatformManager: Display: Loaded TargetPlatform 'Android_ETC2'
[2020.09.17-13.39.19:422][  0]LogTargetPlatformManager: Display: Loaded TargetPlatform 'AndroidClient'
[2020.09.17-13.39.19:422][  0]LogTargetPlatformManager: Display: Loaded TargetPlatform 'Android_ASTCClient'
[2020.09.17-13.39.19:422][  0]LogTargetPlatformManager: Display: Loaded TargetPlatform 'Android_DXTClient'
[2020.09.17-13.39.19:422][  0]LogTargetPlatformManager: Display: Loaded TargetPlatform 'Android_ETC2Client'
[2020.09.17-13.39.19:422][  0]LogTargetPlatformManager: Display: Loaded TargetPlatform 'Android_Multi'
[2020.09.17-13.39.19:422][  0]LogTargetPlatformManager: Display: Loaded TargetPlatform 'Android_MultiClient'
[2020.09.17-13.39.19:443][  0]LogTargetPlatformManager: Display: Loaded TargetPlatform 'IOSClient'
[2020.09.17-13.39.19:443][  0]LogTargetPlatformManager: Display: Loaded TargetPlatform 'IOS'
[2020.09.17-13.39.19:453][  0]LogTargetPlatformManager: Display: Loaded TargetPlatform 'Linux'
[2020.09.17-13.39.19:461][  0]LogTargetPlatformManager: Display: Loaded TargetPlatform 'LinuxNoEditor'
[2020.09.17-13.39.19:470][  0]LogTargetPlatformManager: Display: Loaded TargetPlatform 'LinuxClient'
[2020.09.17-13.39.19:479][  0]LogTargetPlatformManager: Display: Loaded TargetPlatform 'LinuxServer'
[2020.09.17-13.39.19:488][  0]LogTargetPlatformManager: Display: Loaded TargetPlatform 'LinuxAArch64NoEditor'
[2020.09.17-13.39.19:496][  0]LogTargetPlatformManager: Display: Loaded TargetPlatform 'LinuxAArch64Client'
[2020.09.17-13.39.19:505][  0]LogTargetPlatformManager: Display: Loaded TargetPlatform 'LinuxAArch64Server'
[2020.09.17-13.39.19:529][  0]LogTargetPlatformManager: Display: Loaded TargetPlatform 'Lumin'
[2020.09.17-13.39.19:529][  0]LogTargetPlatformManager: Display: Loaded TargetPlatform 'LuminClient'
[2020.09.17-13.39.19:543][  0]LogTargetPlatformManager: Display: Loaded TargetPlatform 'TVOSClient'
[2020.09.17-13.39.19:543][  0]LogTargetPlatformManager: Display: Loaded TargetPlatform 'TVOS'
[2020.09.17-13.39.19:551][  0]LogTargetPlatformManager: Display: Loaded TargetPlatform 'WindowsNoEditor'
[2020.09.17-13.39.19:560][  0]LogTargetPlatformManager: Display: Loaded TargetPlatform 'Windows'
[2020.09.17-13.39.19:568][  0]LogTargetPlatformManager: Display: Loaded TargetPlatform 'WindowsClient'
[2020.09.17-13.39.19:576][  0]LogTargetPlatformManager: Display: Loaded TargetPlatform 'WindowsServer'
[2020.09.17-13.39.19:576][  0]LogTargetPlatformManager: Display: Building Assets For Windows
[2020.09.17-13.39.19:583][  0]LogAudioDebug: Display: Lib vorbis DLL was dynamically loaded.
[2020.09.17-13.39.19:638][  0]LogShaderCompilers: Guid format shader working directory is -5 characters bigger than the processId version (../../../../../../Users/monom/Desktop/コントロールリグマネキン/Intermediate/Shaders/WorkingDirectory/17948/).
[2020.09.17-13.39.19:638][  0]LogShaderCompilers: Cleaned the shader compiler working directory 'C:/Users/monom/AppData/Local/Temp/UnrealShaderWorkingDir/E793F9FC4F4A422DFFA0B4B7C23C0538/'.
[2020.09.17-13.39.19:638][  0]LogXGEController: Cleaning working directory: C:/Users/monom/AppData/Local/Temp/UnrealXGEWorkingDir/
[2020.09.17-13.39.19:639][  0]LogXGEController: Cannot use XGE Controller as Incredibuild is not installed on this machine.
[2020.09.17-13.39.19:639][  0]LogShaderCompilers: Cannot use XGE Shader Compiler as Incredibuild is not installed on this machine.
[2020.09.17-13.39.19:639][  0]LogShaderCompilers: Display: Using Local Shader Compiler.
[2020.09.17-13.39.20:369][  0]LogDerivedDataCache: Display: Max Cache Size: 512 MB
[2020.09.17-13.39.20:417][  0]LogDerivedDataCache: Loaded boot cache 0.05s 76MB C:/Users/monom/AppData/Local/UnrealEngine/4.25/DerivedDataCache/Boot.ddc.
[2020.09.17-13.39.20:417][  0]LogDerivedDataCache: Display: Loaded Boot cache: C:/Users/monom/AppData/Local/UnrealEngine/4.25/DerivedDataCache/Boot.ddc
[2020.09.17-13.39.20:417][  0]LogDerivedDataCache: FDerivedDataBackendGraph:  Pak pak cache file ../../../../../../Users/monom/Desktop/コントロールリグマネキン/DerivedDataCache/DDC.ddp not found, will not use a pak cache.
[2020.09.17-13.39.20:418][  0]LogDerivedDataCache: Unable to find inner node Pak for hierarchical cache Hierarchy.
[2020.09.17-13.39.20:418][  0]LogDerivedDataCache: FDerivedDataBackendGraph:  CompressedPak pak cache file ../../../../../../Users/monom/Desktop/コントロールリグマネキン/DerivedDataCache/Compressed.ddp not found, will not use a pak cache.
[2020.09.17-13.39.20:418][  0]LogDerivedDataCache: Unable to find inner node CompressedPak for hierarchical cache Hierarchy.
[2020.09.17-13.39.20:427][  0]LogDerivedDataCache: Display: Pak cache opened for reading ../../../Engine/DerivedDataCache/Compressed.ddp.
[2020.09.17-13.39.20:427][  0]LogDerivedDataCache: FDerivedDataBackendGraph:  EnterprisePak pak cache file ../../../Enterprise/DerivedDataCache/Compressed.ddp not found, will not use a pak cache.
[2020.09.17-13.39.20:427][  0]LogDerivedDataCache: Unable to find inner node EnterprisePak for hierarchical cache Hierarchy.
[2020.09.17-13.39.20:428][  0]LogDerivedDataCache: Using Local data cache path C:/Users/monom/AppData/Local/UnrealEngine/Common/DerivedDataCache: Writable
[2020.09.17-13.39.20:428][  0]LogDerivedDataCache: Shared data cache path not found in *engine.ini, will not use an Shared cache.
[2020.09.17-13.39.20:428][  0]LogDerivedDataCache: Unable to find inner node Shared for hierarchical cache Hierarchy.
[2020.09.17-13.39.20:477][  0]LogSlate: Using FreeType 2.10.0
[2020.09.17-13.39.20:478][  0]LogSlate: SlateFontServices - WITH_FREETYPE: 1, WITH_HARFBUZZ: 1
[2020.09.17-13.39.20:503][  0]LogAssetRegistry: FAssetRegistry took 0.0025 seconds to start up
[2020.09.17-13.39.20:720][  0]LogInit: Selected Device Profile: [Windows]
[2020.09.17-13.39.20:830][  0]LogMeshReduction: Using QuadricMeshReduction for automatic static mesh reduction
[2020.09.17-13.39.20:830][  0]LogMeshReduction: Using SimplygonMeshReduction for automatic skeletal mesh reduction
[2020.09.17-13.39.20:830][  0]LogMeshReduction: Using ProxyLODMeshReduction for automatic mesh merging
[2020.09.17-13.39.20:830][  0]LogMeshReduction: No distributed automatic mesh merging module available
[2020.09.17-13.39.20:830][  0]LogMeshMerging: No distributed automatic mesh merging module available
[2020.09.17-13.39.20:844][  0]LogNetVersion: コントロールリグマネキン 1.0.0, NetCL: 13144385, EngineNetVer: 14, GameNetVer: 0 (Checksum: 2927760737)
[2020.09.17-13.39.21:283][  0]LogAISub: UAISubsystem::UAISubsystem AISubsystem (0000016C84565E00), frame # 0
[2020.09.17-13.39.21:283][  0]LogAISub: UAISubsystem::UAISubsystem AIPerceptionSystem (0000016C844F87C0), frame # 0
[2020.09.17-13.39.21:285][  0]LogAISub: UAISubsystem::UAISubsystem EnvQueryManager (0000016C84511E00), frame # 0
[2020.09.17-13.39.21:346][  0]LogPackageLocalizationCache: Processed 20 localized package path(s) for 1 prioritized culture(s) in 0.055691 seconds
[2020.09.17-13.39.21:351][  0]LogUObjectArray: 15917 objects as part of root set at end of initial load.
[2020.09.17-13.39.21:351][  0]LogUObjectAllocator: 3965568 out of 0 bytes used by permanent object pool.
[2020.09.17-13.39.21:351][  0]LogUObjectArray: CloseDisregardForGC: 0/0 objects in disregard for GC pool
[2020.09.17-13.39.21:699][  0]LogTcpMessaging: Initializing TcpMessaging bridge
[2020.09.17-13.39.21:703][  0]LogUdpMessaging: Initializing bridge on interface 0.0.0.0:0 to multicast group 230.0.0.1:6666.
[2020.09.17-13.39.21:771][  0]SourceControl: ソースコントロールは無効です
[2020.09.17-13.39.21:772][  0]SourceControl: ソースコントロールは無効です
[2020.09.17-13.39.21:774][  0]SourceControl: ソースコントロールは無効です
[2020.09.17-13.39.21:777][  0]SourceControl: ソースコントロールは無効です
[2020.09.17-13.39.21:782][  0]SourceControl: ソースコントロールは無効です
[2020.09.17-13.39.21:794][  0]LogVSAccessor: Display: Unable to create Visual Studio setup instance: 80040154
[2020.09.17-13.39.21:795][  0]LogVSAccessor: Display: Unable to create Visual Studio setup instance: 80040154
[2020.09.17-13.39.22:011][  0]LogAndroidPermission: UAndroidPermissionCallbackProxy::GetInstance
[2020.09.17-13.39.22:029][  0]LogAudioCaptureCore: Display: No Audio Capture implementations found. Audio input will be silent.
[2020.09.17-13.39.22:029][  0]LogAudioCaptureCore: Display: No Audio Capture implementations found. Audio input will be silent.
[2020.09.17-13.39.22:075][  0]LogOcInput: OculusInput pre-init called
[2020.09.17-13.39.22:085][  0]LogWindows: Failed to load 'OVRPlugin.dll' (GetLastError=126)
[2020.09.17-13.39.22:085][  0]LogWindows: File 'OVRPlugin.dll' does not exist
[2020.09.17-13.39.22:142][  0]LogEngine: Initializing Engine...
[2020.09.17-13.39.22:143][  0]LogHMD: Failed to initialize OpenVR with code 110
[2020.09.17-13.39.22:143][  0]LogMagicLeap: Warning: VR disabled because ZI is not enabled.  To enable, in the editor, Edit -> Project Settings -> Plugins -> Magic Leap Plugin -> Enable Zero Iteration
[2020.09.17-13.39.22:144][  0]LogStats: UGameplayTagsManager::InitializeManager -  0.000 s
[2020.09.17-13.39.22:331][  0]LogInit: Initializing FReadOnlyCVARCache
[2020.09.17-13.39.22:339][  0]LogAIModule: Creating AISystem for world Untitled
[2020.09.17-13.39.22:339][  0]LogAISub: UAISubsystem::UAISubsystem EnvQueryManager (0000016C8B3EBC00), frame # 0
[2020.09.17-13.39.22:339][  0]LogAISub: UAISubsystem::UAISubsystem AIPerceptionSystem (0000016C8B426480), frame # 0
[2020.09.17-13.39.22:344][  0]LogAudioMixer: Display: Audio Mixer Platform Settings:
[2020.09.17-13.39.22:344][  0]LogAudioMixer: Display: 	Sample Rate:						  48000
[2020.09.17-13.39.22:344][  0]LogAudioMixer: Display: 	Callback Buffer Frame Size Requested: 1024
[2020.09.17-13.39.22:344][  0]LogAudioMixer: Display: 	Callback Buffer Frame Size To Use:	  1024
[2020.09.17-13.39.22:344][  0]LogAudioMixer: Display: 	Number of buffers to queue:			  2
[2020.09.17-13.39.22:344][  0]LogAudioMixer: Display: 	Max Channels (voices):				  32
[2020.09.17-13.39.22:344][  0]LogAudioMixer: Display: 	Number of Async Source Workers:		  0
[2020.09.17-13.39.22:344][  0]LogAudio: Display: AudioDevice MaxSources: 32
[2020.09.17-13.39.22:344][  0]LogAudio: Display: Using built-in audio occlusion.
[2020.09.17-13.39.22:344][  0]LogAudioMixer: Display: Initializing audio mixer.
[2020.09.17-13.39.22:447][  0]LogAudioMixer: Display: 0: FrontLeft
[2020.09.17-13.39.22:447][  0]LogAudioMixer: Display: 1: FrontRight
[2020.09.17-13.39.22:447][  0]LogAudioMixer: Display: 2: FrontCenter
[2020.09.17-13.39.22:447][  0]LogAudioMixer: Display: 3: LowFrequency
[2020.09.17-13.39.22:447][  0]LogAudioMixer: Display: 4: BackLeft
[2020.09.17-13.39.22:447][  0]LogAudioMixer: Display: 5: BackRight
[2020.09.17-13.39.22:447][  0]LogAudioMixer: Display: 6: SideLeft
[2020.09.17-13.39.22:447][  0]LogAudioMixer: Display: 7: SideRight
[2020.09.17-13.39.22:751][  0]LogAudioMixer: Display: Using Audio Device スピーカー (Realtek(R) Audio)
[2020.09.17-13.39.22:752][  0]LogAudioMixer: Display: Initializing Sound Submixes...
[2020.09.17-13.39.22:754][  0]LogAudioMixer: Display: Creating Master Submix 'MasterSubmixDefault'
[2020.09.17-13.39.22:754][  0]LogAudioMixer: Display: Creating Master Submix 'MasterReverbSubmixDefault'
[2020.09.17-13.39.22:755][  0]LogAudioMixer: Display: Creating Master Submix 'MasterEQSubmixDefault'
[2020.09.17-13.39.22:756][  0]LogInit: FAudioDevice initialized.
[2020.09.17-13.39.22:756][  0]LogNetVersion: Set ProjectVersion to 1.0.0.0. Version Checksum will be recalculated on next use.
[2020.09.17-13.39.22:807][  0]LogDerivedDataCache: Saved boot cache 0.05s 76MB C:/Users/monom/AppData/Local/UnrealEngine/4.25/DerivedDataCache/Boot.ddc.
[2020.09.17-13.39.22:812][  0]LogInit: Texture streaming: Enabled
[2020.09.17-13.39.22:828][  0]LogEngineSessionManager: EngineSessionManager initialized
[2020.09.17-13.39.22:828][  0]LogEngineSessionManager: EngineSessionManager sent abnormal shutdown report. Type=Crashed, SessionId={A1671696-4551-7BAB-85B7-9AAD119491D3}
[2020.09.17-13.39.22:828][  0]LogEditorSessionSummary: Verbose: Initializing EditorSessionSummaryWriter for editor session tracking
[2020.09.17-13.39.22:829][  0]LogEditorSessionSummary: EditorSessionSummaryWriter initialized
[2020.09.17-13.39.22:893][  0]LogInit: Transaction tracking system initialized
[2020.09.17-13.39.22:911][  0]BlueprintLog: New page: エディタの読み込み
[2020.09.17-13.39.22:972][  0]LocalizationService: ローカライズのサービスが無効になりました
[2020.09.17-13.39.23:047][  0]LogVSAccessor: Display: Unable to create Visual Studio setup instance: 80040154
[2020.09.17-13.39.23:047][  0]LogVSAccessor: Display: Unable to create Visual Studio setup instance: 80040154
[2020.09.17-13.39.23:116][  0]LogCook: Display: Max memory allowance for cook 16384mb min free memory 0mb
[2020.09.17-13.39.23:116][  0]LogCook: Display: Mobile HDR setting 1
[2020.09.17-13.39.23:244][  0]LogFileCache: Scanning file cache for directory 'C:/Users/monom/Desktop/コントロールリグマネキン/Content/' took 0.00s
[2020.09.17-13.39.23:479][  0]SourceControl: ソースコントロールは無効です
[2020.09.17-13.39.23:479][  0]LogUnrealEdMisc: Loading editor; pre map load, took 8.411
[2020.09.17-13.39.23:479][  0]Cmd: MAP LOAD FILE="../../../../../../Users/monom/Desktop/コントロールリグマネキン/Content/ControlRig/Maps/ControlRigExample.umap" TEMPLATE=0 SHOWPROGRESS=1 FEATURELEVEL=3
[2020.09.17-13.39.23:479][  0]LightingResults: New page: ライティングのビルド
[2020.09.17-13.39.23:480][  0]LogWorld: UWorld::CleanupWorld for Untitled, bSessionEnded=true, bCleanupResources=true
[2020.09.17-13.39.23:480][  0]LogSlate: InvalidateAllWidgets triggered.  All widgets were invalidated
[2020.09.17-13.39.23:480][  0]MapCheck: New page: マップをチェック
[2020.09.17-13.39.23:480][  0]LightingResults: New page: <何も選択されていません>
[2020.09.17-13.39.23:495][  0]LogAISub: UAISubsystem::~UAISubsystem EnvQueryManager (0000016C8B3EBC00), frame # 0
[2020.09.17-13.39.23:495][  0]LogAISub: UAISubsystem::~UAISubsystem AIPerceptionSystem (0000016C8B426480), frame # 0
[2020.09.17-13.39.23:496][  0]LogUObjectHash: Compacting FUObjectHashTables data took   0.59ms
[2020.09.17-13.39.23:733][  0]LogAIModule: Creating AISystem for world ControlRigExample
[2020.09.17-13.39.23:733][  0]LogAISub: UAISubsystem::UAISubsystem EnvQueryManager (0000016C9BA3BE00), frame # 0
[2020.09.17-13.39.23:733][  0]LogAISub: UAISubsystem::UAISubsystem AIPerceptionSystem (0000016C9BF98B80), frame # 0
[2020.09.17-13.39.23:737][  0]LogEditorServer: Finished looking for orphan Actors (0.000 secs)
[2020.09.17-13.39.23:751][  0]LogUObjectHash: Compacting FUObjectHashTables data took   1.12ms
[2020.09.17-13.39.23:753][  0]Cmd: MAP CHECKDEP NOCLEARLOG
[2020.09.17-13.39.23:754][  0]MapCheck: マップチェックが完了: 0 エラー、 0 警告、完了に 0.294ミリ秒かかりました。
[2020.09.17-13.39.23:754][  0]LogFileHelpers: Loading map 'ControlRigExample' took 0.275
[2020.09.17-13.39.23:755][  0]LogUnrealEdMisc: Total Editor Startup Time, took 8.688
[2020.09.17-13.39.23:866][  0]LogSlate: Updating window title bar state: overlay mode, drag disabled, window buttons hidden, title bar hidden
[2020.09.17-13.39.23:872][  0]LogSlate: Updating window title bar state: overlay mode, drag disabled, window buttons hidden, title bar hidden
[2020.09.17-13.39.23:879][  0]LogSlate: Updating window title bar state: overlay mode, drag disabled, window buttons hidden, title bar hidden
[2020.09.17-13.39.23:885][  0]LogSlate: Updating window title bar state: overlay mode, drag disabled, window buttons hidden, title bar hidden
[2020.09.17-13.39.23:891][  0]LogCollectionManager: Loaded 0 collections in 0.001549 seconds
[2020.09.17-13.39.23:904][  0]LogFileCache: Scanning file cache for directory 'C:/Users/monom/Desktop/コントロールリグマネキン/Saved/Collections/' took 0.00s
[2020.09.17-13.39.23:904][  0]LogFileCache: Scanning file cache for directory 'C:/Users/monom/Desktop/コントロールリグマネキン/Content/Developers/monom/Collections/' took 0.00s
[2020.09.17-13.39.23:904][  0]LogFileCache: Scanning file cache for directory 'C:/Users/monom/Desktop/コントロールリグマネキン/Content/Collections/' took 0.00s
[2020.09.17-13.39.23:904][  0]LogContentBrowser: Native class hierarchy populated in 0.0082 seconds. Added 3488 classes and 850 folders.
[2020.09.17-13.39.23:907][  0]LogContentBrowser: Native class hierarchy updated for 'WidgetCarousel' in 0.0002 seconds. Added 0 classes and 0 folders.
[2020.09.17-13.39.23:954][  0]LogContentBrowser: Native class hierarchy updated for 'AddContentDialog' in 0.0003 seconds. Added 0 classes and 0 folders.
[2020.09.17-13.39.23:956][  0]LogContentBrowser: Native class hierarchy updated for 'SceneOutliner' in 0.0003 seconds. Added 2 classes and 0 folders.
[2020.09.17-13.39.23:997][  0]LogSlate: Took 0.000177 seconds to synchronously load lazily loaded font '../../../Engine/Content/Slate/Fonts/Roboto-Regular.ttf' (155K)
[2020.09.17-13.39.23:998][  0]LogSlate: Took 0.000555 seconds to synchronously load lazily loaded font '../../../Engine/Content/Editor/Slate/Fonts/GenEiGothicPro-Regular.otf' (707K)
[2020.09.17-13.39.24:000][  0]LogSlate: Took 0.000406 seconds to synchronously load lazily loaded font '../../../Engine/Content/Editor/Slate/Fonts/GenEiGothicPro-Bold.otf' (698K)
[2020.09.17-13.39.24:000][  0]LogSlate: Took 0.000149 seconds to synchronously load lazily loaded font '../../../Engine/Content/Slate/Fonts/Roboto-Bold.ttf' (160K)
[2020.09.17-13.39.24:002][  0]LogSlate: Took 0.000109 seconds to synchronously load lazily loaded font '../../../Engine/Content/Editor/Slate/Fonts/FontAwesome.ttf' (139K)
[2020.09.17-13.39.24:061][  0]LogRenderer: Reallocating scene render targets to support 1316x588 Format 10 NumSamples 1 (Frame:1).
[2020.09.17-13.39.24:304][  0]LogSlate: Window 'チュートリアル' being destroyed
[2020.09.17-13.39.24:320][  0]LogSlate: Took 0.000146 seconds to synchronously load lazily loaded font '../../../Engine/Content/Slate/Fonts/Roboto-Light.ttf' (167K)
[2020.09.17-13.39.24:320][  0]LogSlate: Took 0.000180 seconds to synchronously load lazily loaded font '../../../Engine/Content/Editor/Slate/Fonts/GenEiGothicPro-Light.otf' (713K)
[2020.09.17-13.39.24:342][  0]LogAssetEditorSubsystem: Opening Asset editor for LevelSequence /Game/ControlRig/Sequences/Mannequin_ControlRig_Take1.Mannequin_ControlRig_Take1
[2020.09.17-13.39.24:413][  0]LogContentBrowser: Native class hierarchy updated for 'HierarchicalLODOutliner' in 0.0002 seconds. Added 0 classes and 0 folders.
[2020.09.17-13.39.24:413][  0]LogLoad: (Engine Initialization) Total time: 9.34 seconds
[2020.09.17-13.39.24:413][  0]LogLoad: (Engine Initialization) Total Blueprint compile time: 0.00 seconds
[2020.09.17-13.39.24:459][  0]LogAssetRegistry: Asset discovery search completed in 3.9569 seconds
[2020.09.17-13.39.24:464][  0]LogCollectionManager: Fixed up redirectors for 0 collections in 0.000004 seconds (updated 0 objects)
[2020.09.17-13.39.24:465][  0]LogContentStreaming: Texture pool size now 1000 MB
[2020.09.17-13.39.29:787][299]LogSlate: Took 0.000121 seconds to synchronously load lazily loaded font '../../../Engine/Content/Slate/Fonts/Roboto-Light.ttf' (167K)
[2020.09.17-13.39.34:583][584]LogAssetEditorSubsystem: Opening Asset editor for ControlRigBlueprint /Game/ControlRig/Mannequin/Character/Mesh/SK_Mannequin_CtrlRig/SK_Mannequin_CtrlRig.SK_Mannequin_CtrlRig
[2020.09.17-13.39.34:663][584]LogActorComponent: RegisterComponentWithWorld: (/Engine/Transient.World_3:PersistentLevel.AnimationEditorPreviewActor_0.ControlRigSkeletalMeshComponent_0) Already registered. Aborting.
[2020.09.17-13.39.34:663][584]LogActorComponent: RegisterComponentWithWorld: (/Engine/Transient.World_3:PersistentLevel.AnimationEditorPreviewActor_0.ControlRigSkeletalMeshComponent_0) Already registered. Aborting.
[2020.09.17-13.39.34:798][584]LogContentBrowser: Native class hierarchy updated for 'BlueprintGraph' in 0.0005 seconds. Added 125 classes and 0 folders.
[2020.09.17-13.39.35:249][584]LogSkeletalMesh: USkeletalMeshComponent::InitArticulated : Bodies already created (/Engine/Transient.World_3:PersistentLevel.AnimationEditorPreviewActor_0.ControlRigSkeletalMeshComponent_0) - call TermArticulated first.
[2020.09.17-13.39.35:253][584]LogContentBrowser: Native class hierarchy updated for 'PinnedCommandList' in 0.0002 seconds. Added 1 classes and 0 folders.
[2020.09.17-13.39.35:757][584]LogSlate: Took 0.000312 seconds to synchronously load lazily loaded font '../../../Engine/Content/Editor/Slate/Fonts/GenEiGothicPro-SemiBold.otf' (703K)
[2020.09.17-13.39.35:758][584]LogSlate: Took 0.000100 seconds to synchronously load lazily loaded font '../../../Engine/Content/Slate/Fonts/Roboto-BoldCondensed.ttf' (158K)
[2020.09.17-13.39.50:002][423]LogAssetEditorSubsystem: Opening Asset editor for ControlRigBlueprint /Game/ControlRig/Mannequin/Character/ControlRig/Mannequin_ControlRig.Mannequin_ControlRig
[2020.09.17-13.39.50:008][423]LogActorComponent: RegisterComponentWithWorld: (/Engine/Transient.World_6:PersistentLevel.AnimationEditorPreviewActor_0.ControlRigSkeletalMeshComponent_0) Already registered. Aborting.
[2020.09.17-13.39.50:008][423]LogActorComponent: RegisterComponentWithWorld: (/Engine/Transient.World_6:PersistentLevel.AnimationEditorPreviewActor_0.ControlRigSkeletalMeshComponent_0) Already registered. Aborting.
[2020.09.17-13.39.50:191][423]LogSkeletalMesh: USkeletalMeshComponent::InitArticulated : Bodies already created (/Engine/Transient.World_6:PersistentLevel.AnimationEditorPreviewActor_0.ControlRigSkeletalMeshComponent_0) - call TermArticulated first.
[2020.09.17-13.40.20:447][189]BlueprintLog: New page: SK_Mannequin_CtrlRig をコンパイル
[2020.09.17-13.40.20:570][189]LogUObjectHash: Compacting FUObjectHashTables data took   3.33ms
[2020.09.17-13.40.20:584][189]LogSlate: Took 0.000161 seconds to synchronously load lazily loaded font '../../../Engine/Content/Slate/Fonts/DroidSansMono.ttf' (77K)
[2020.09.17-13.40.20:585][189]LogSlate: Took 0.000238 seconds to synchronously load lazily loaded font '../../../Engine/Content/Editor/Slate/Fonts/GenEiGothicPro-Heavy.otf' (704K)
[2020.09.17-13.40.20:992][210]LogSavePackage: Moving '../../../../../../Users/monom/Desktop/コントロールリグマネキン/Saved/SK_Mannequin_CtrlRig54FD20194A56F4DCBD4F24987802B3A1.tmp' to '../../../../../../Users/monom/Desktop/コントロールリグマネキン/Content/ControlRig/Mannequin/Character/Mesh/SK_Mannequin_CtrlRig/SK_Mannequin_CtrlRig.uasset'
[2020.09.17-13.40.21:010][210]AssetCheck: New page: アセット保存:SK_Mannequin_CtrlRig
[2020.09.17-13.40.21:010][210]LogContentValidation: Display: ControlRigBlueprint /Game/ControlRig/Mannequin/Character/Mesh/SK_Mannequin_CtrlRig/SK_Mannequin_CtrlRig.SK_Mannequin_CtrlRig を検証しています
[2020.09.17-13.42.42:095][659]BlueprintLog: New page: SK_Mannequin_CtrlRig をコンパイル
[2020.09.17-13.42.42:136][659]LogUObjectHash: Compacting FUObjectHashTables data took   2.06ms
[2020.09.17-13.42.42:771][692]LogSavePackage: Moving '../../../../../../Users/monom/Desktop/コントロールリグマネキン/Saved/SK_Mannequin_CtrlRig96ED773B47BDD1C1B44E5F858EAFB3AE.tmp' to '../../../../../../Users/monom/Desktop/コントロールリグマネキン/Content/ControlRig/Mannequin/Character/Mesh/SK_Mannequin_CtrlRig/SK_Mannequin_CtrlRig.uasset'
[2020.09.17-13.42.42:788][692]AssetCheck: New page: アセット保存:SK_Mannequin_CtrlRig
[2020.09.17-13.42.42:789][692]LogContentValidation: Display: ControlRigBlueprint /Game/ControlRig/Mannequin/Character/Mesh/SK_Mannequin_CtrlRig/SK_Mannequin_CtrlRig.SK_Mannequin_CtrlRig を検証しています
[2020.09.17-13.43.42:617][274]LogEditorTransaction: Undo 貼り付けたリグ要素です。
[2020.09.17-13.48.54:321][906]LogEditorTransaction: Undo ドラッグ&ドロップ
[2020.09.17-13.48.55:199][943]LogEditorTransaction: Undo ドラッグ&ドロップ
[2020.09.17-13.50.16:068][767]LogEditorTransaction: Undo ドラッグ&ドロップ
[2020.09.17-13.50.17:460][836]LogEditorTransaction: Undo 階層から選択した項目を削除
[2020.09.17-13.51.14:744][ 77]LogWindows: Error: === Critical error: ===
[2020.09.17-13.51.14:744][ 77]LogWindows: Error: 
[2020.09.17-13.51.14:744][ 77]LogWindows: Error: Fatal error!
[2020.09.17-13.51.14:744][ 77]LogWindows: Error: 
[2020.09.17-13.51.14:744][ 77]LogWindows: Error: Unhandled Exception: EXCEPTION_STACK_OVERFLOW
[2020.09.17-13.51.14:744][ 77]LogWindows: Error: 
[2020.09.17-13.51.14:744][ 77]LogWindows: Error: [Callstack] 0x00007fff49db9145 UE4Editor-ControlRigEditor.dll!UnknownFunction []
[2020.09.17-13.51.14:744][ 77]LogWindows: Error: [Callstack] 0x00007fff49db9201 UE4Editor-ControlRigEditor.dll!UnknownFunction []
[2020.09.17-13.51.14:744][ 77]LogWindows: Error: [Callstack] 0x00007fff49db9201 UE4Editor-ControlRigEditor.dll!UnknownFunction []
[2020.09.17-13.51.14:744][ 77]LogWindows: Error: [Callstack] 0x00007fff49db9201 UE4Editor-ControlRigEditor.dll!UnknownFunction []
[2020.09.17-13.51.14:744][ 77]LogWindows: Error: [Callstack] 0x00007fff49db9201 UE4Editor-ControlRigEditor.dll!UnknownFunction []
[2020.09.17-13.51.14:744][ 77]LogWindows: Error: [Callstack] 0x00007fff49db9201 UE4Editor-ControlRigEditor.dll!UnknownFunction []
[2020.09.17-13.51.14:744][ 77]LogWindows: Error: [Callstack] 0x00007fff49db9201 UE4Editor-ControlRigEditor.dll!UnknownFunction []
[2020.09.17-13.51.14:744][ 77]LogWindows: Error: [Callstack] 0x00007fff49db9201 UE4Editor-ControlRigEditor.dll!UnknownFunction []
[2020.09.17-13.51.14:745][ 77]LogWindows: Error: [Callstack] 0x00007fff49db9201 UE4Editor-ControlRigEditor.dll!UnknownFunction []
[2020.09.17-13.51.14:745][ 77]LogWindows: Error: [Callstack] 0x00007fff49db9201 UE4Editor-ControlRigEditor.dll!UnknownFunction []
[2020.09.17-13.51.14:745][ 77]LogWindows: Error: [Callstack] 0x00007fff49db9201 UE4Editor-ControlRigEditor.dll!UnknownFunction []
[2020.09.17-13.51.14:745][ 77]LogWindows: Error: [Callstack] 0x00007fff49db9201 UE4Editor-ControlRigEditor.dll!UnknownFunction []
[2020.09.17-13.51.14:745][ 77]LogWindows: Error: [Callstack] 0x00007fff49db9201 UE4Editor-ControlRigEditor.dll!UnknownFunction []
[2020.09.17-13.51.14:745][ 77]LogWindows: Error: [Callstack] 0x00007fff49db9201 UE4Editor-ControlRigEditor.dll!UnknownFunction []
[2020.09.17-13.51.14:745][ 77]LogWindows: Error: [Callstack] 0x00007fff49db9201 UE4Editor-ControlRigEditor.dll!UnknownFunction []
[2020.09.17-13.51.14:745][ 77]LogWindows: Error: [Callstack] 0x00007fff49db9201 UE4Editor-ControlRigEditor.dll!UnknownFunction []
[2020.09.17-13.51.14:745][ 77]LogWindows: Error: [Callstack] 0x00007fff49db9201 UE4Editor-ControlRigEditor.dll!UnknownFunction []
[2020.09.17-13.51.14:745][ 77]LogWindows: Error: [Callstack] 0x00007fff49db9201 UE4Editor-ControlRigEditor.dll!UnknownFunction []
[2020.09.17-13.51.14:745][ 77]LogWindows: Error: [Callstack] 0x00007fff49db9201 UE4Editor-ControlRigEditor.dll!UnknownFunction []
[2020.09.17-13.51.14:745][ 77]LogWindows: Error: [Callstack] 0x00007fff49db9201 UE4Editor-ControlRigEditor.dll!UnknownFunction []
[2020.09.17-13.51.14:745][ 77]LogWindows: Error: [Callstack] 0x00007fff49db9201 UE4Editor-ControlRigEditor.dll!UnknownFunction []
[2020.09.17-13.51.14:745][ 77]LogWindows: Error: [Callstack] 0x00007fff49db9201 UE4Editor-ControlRigEditor.dll!UnknownFunction []
[2020.09.17-13.51.14:745][ 77]LogWindows: Error: [Callstack] 0x00007fff49db9201 UE4Editor-ControlRigEditor.dll!UnknownFunction []
[2020.09.17-13.51.14:745][ 77]LogWindows: Error: [Callstack] 0x00007fff49db9201 UE4Editor-ControlRigEditor.dll!UnknownFunction []
[2020.09.17-13.51.14:745][ 77]LogWindows: Error: [Callstack] 0x00007fff49db9201 UE4Editor-ControlRigEditor.dll!UnknownFunction []
[2020.09.17-13.51.14:745][ 77]LogWindows: Error: [Callstack] 0x00007fff49db9201 UE4Editor-ControlRigEditor.dll!UnknownFunction []
[2020.09.17-13.51.14:745][ 77]LogWindows: Error: [Callstack] 0x00007fff49db9201 UE4Editor-ControlRigEditor.dll!UnknownFunction []
[2020.09.17-13.51.14:745][ 77]LogWindows: Error: [Callstack] 0x00007fff49db9201 UE4Editor-ControlRigEditor.dll!UnknownFunction []
[2020.09.17-13.51.14:745][ 77]LogWindows: Error: [Callstack] 0x00007fff49db9201 UE4Editor-ControlRigEditor.dll!UnknownFunction []
[2020.09.17-13.51.14:745][ 77]LogWindows: Error: [Callstack] 0x00007fff49db9201 UE4Editor-ControlRigEditor.dll!UnknownFunction []
[2020.09.17-13.51.14:745][ 77]LogWindows: Error: [Callstack] 0x00007fff49db9201 UE4Editor-ControlRigEditor.dll!UnknownFunction []
[2020.09.17-13.51.14:745][ 77]LogWindows: Error: [Callstack] 0x00007fff49db9201 UE4Editor-ControlRigEditor.dll!UnknownFunction []
[2020.09.17-13.51.14:745][ 77]LogWindows: Error: [Callstack] 0x00007fff49db9201 UE4Editor-ControlRigEditor.dll!UnknownFunction []
[2020.09.17-13.51.14:745][ 77]LogWindows: Error: [Callstack] 0x00007fff49db9201 UE4Editor-ControlRigEditor.dll!UnknownFunction []
[2020.09.17-13.51.14:745][ 77]LogWindows: Error: [Callstack] 0x00007fff49db9201 UE4Editor-ControlRigEditor.dll!UnknownFunction []
[2020.09.17-13.51.14:745][ 77]LogWindows: Error: [Callstack] 0x00007fff49db9201 UE4Editor-ControlRigEditor.dll!UnknownFunction []
[2020.09.17-13.51.14:745][ 77]LogWindows: Error: [Callstack] 0x00007fff49db9201 UE4Editor-ControlRigEditor.dll!UnknownFunction []
[2020.09.17-13.51.14:745][ 77]LogWindows: Error: [Callstack] 0x00007fff49db9201 UE4Editor-ControlRigEditor.dll!UnknownFunction []
[2020.09.17-13.51.14:745][ 77]LogWindows: Error: [Callstack] 0x00007fff49db9201 UE4Editor-ControlRigEditor.dll!UnknownFunction []
[2020.09.17-13.51.14:745][ 77]LogWindows: Error: [Callstack] 0x00007fff49db9201 UE4Editor-ControlRigEditor.dll!UnknownFunction []
[2020.09.17-13.51.14:745][ 77]LogWindows: Error: [Callstack] 0x00007fff49db9201 UE4Editor-ControlRigEditor.dll!UnknownFunction []
[2020.09.17-13.51.14:745][ 77]LogWindows: Error: [Callstack] 0x00007fff49db9201 UE4Editor-ControlRigEditor.dll!UnknownFunction []
[2020.09.17-13.51.14:745][ 77]LogWindows: Error: [Callstack] 0x00007fff49db9201 UE4Editor-ControlRigEditor.dll!UnknownFunction []
[2020.09.17-13.51.14:745][ 77]LogWindows: Error: [Callstack] 0x00007fff49db9201 UE4Editor-ControlRigEditor.dll!UnknownFunction []
[2020.09.17-13.51.14:745][ 77]LogWindows: Error: [Callstack] 0x00007fff49db9201 UE4Editor-ControlRigEditor.dll!UnknownFunction []
[2020.09.17-13.51.14:745][ 77]LogWindows: Error: [Callstack] 0x00007fff49db9201 UE4Editor-ControlRigEditor.dll!UnknownFunction []
[2020.09.17-13.51.14:745][ 77]LogWindows: Error: [Callstack] 0x00007fff49db9201 UE4Editor-ControlRigEditor.dll!UnknownFunction []
[2020.09.17-13.51.14:745][ 77]LogWindows: Error: [Callstack] 0x00007fff49db9201 UE4Editor-ControlRigEditor.dll!UnknownFunction []
[2020.09.17-13.51.14:745][ 77]LogWindows: Error: [Callstack] 0x00007fff49db9201 UE4Editor-ControlRigEditor.dll!UnknownFunction []
[2020.09.17-13.51.14:745][ 77]LogWindows: Error: [Callstack] 0x00007fff49db9201 UE4Editor-ControlRigEditor.dll!UnknownFunction []
[2020.09.17-13.51.14:745][ 77]LogWindows: Error: [Callstack] 0x00007fff49db9201 UE4Editor-ControlRigEditor.dll!UnknownFunction []
[2020.09.17-13.51.14:745][ 77]LogWindows: Error: [Callstack] 0x00007fff49db9201 UE4Editor-ControlRigEditor.dll!UnknownFunction []
[2020.09.17-13.51.14:745][ 77]LogWindows: Error: [Callstack] 0x00007fff49db9201 UE4Editor-ControlRigEditor.dll!UnknownFunction []
[2020.09.17-13.51.14:745][ 77]LogWindows: Error: [Callstack] 0x00007fff49db9201 UE4Editor-ControlRigEditor.dll!UnknownFunction []
[2020.09.17-13.51.14:745][ 77]LogWindows: Error: [Callstack] 0x00007fff49db9201 UE4Editor-ControlRigEditor.dll!UnknownFunction []
[2020.09.17-13.51.14:745][ 77]LogWindows: Error: [Callstack] 0x00007fff49db9201 UE4Editor-ControlRigEditor.dll!UnknownFunction []
[2020.09.17-13.51.14:745][ 77]LogWindows: Error: [Callstack] 0x00007fff49db9201 UE4Editor-ControlRigEditor.dll!UnknownFunction []
[2020.09.17-13.51.14:746][ 77]LogWindows: Error: [Callstack] 0x00007fff49db9201 UE4Editor-ControlRigEditor.dll!UnknownFunction []
[2020.09.17-13.51.14:746][ 77]LogWindows: Error: [Callstack] 0x00007fff49db9201 UE4Editor-ControlRigEditor.dll!UnknownFunction []
[2020.09.17-13.51.14:746][ 77]LogWindows: Error: [Callstack] 0x00007fff49db9201 UE4Editor-ControlRigEditor.dll!UnknownFunction []
[2020.09.17-13.51.14:746][ 77]LogWindows: Error: [Callstack] 0x00007fff49db9201 UE4Editor-ControlRigEditor.dll!UnknownFunction []
[2020.09.17-13.51.14:746][ 77]LogWindows: Error: [Callstack] 0x00007fff49db9201 UE4Editor-ControlRigEditor.dll!UnknownFunction []
[2020.09.17-13.51.14:746][ 77]LogWindows: Error: [Callstack] 0x00007fff49db9201 UE4Editor-ControlRigEditor.dll!UnknownFunction []
[2020.09.17-13.51.14:746][ 77]LogWindows: Error: [Callstack] 0x00007fff49db9201 UE4Editor-ControlRigEditor.dll!UnknownFunction []
[2020.09.17-13.51.14:746][ 77]LogWindows: Error: [Callstack] 0x00007fff49db9201 UE4Editor-ControlRigEditor.dll!UnknownFunction []
[2020.09.17-13.51.14:746][ 77]LogWindows: Error: [Callstack] 0x00007fff49db9201 UE4Editor-ControlRigEditor.dll!UnknownFunction []
[2020.09.17-13.51.14:746][ 77]LogWindows: Error: [Callstack] 0x00007fff49db9201 UE4Editor-ControlRigEditor.dll!UnknownFunction []
[2020.09.17-13.51.14:746][ 77]LogWindows: Error: [Callstack] 0x00007fff49db9201 UE4Editor-ControlRigEditor.dll!UnknownFunction []
[2020.09.17-13.51.14:746][ 77]LogWindows: Error: [Callstack] 0x00007fff49db9201 UE4Editor-ControlRigEditor.dll!UnknownFunction []
[2020.09.17-13.51.14:746][ 77]LogWindows: Error: [Callstack] 0x00007fff49db9201 UE4Editor-ControlRigEditor.dll!UnknownFunction []
[2020.09.17-13.51.14:746][ 77]LogWindows: Error: [Callstack] 0x00007fff49db9201 UE4Editor-ControlRigEditor.dll!UnknownFunction []
[2020.09.17-13.51.14:746][ 77]LogWindows: Error: [Callstack] 0x00007fff49db9201 UE4Editor-ControlRigEditor.dll!UnknownFunction []
[2020.09.17-13.51.14:746][ 77]LogWindows: Error: [Callstack] 0x00007fff49db9201 UE4Editor-ControlRigEditor.dll!UnknownFunction []
[2020.09.17-13.51.14:746][ 77]LogWindows: Error: [Callstack] 0x00007fff49db9201 UE4Editor-ControlRigEditor.dll!UnknownFunction []
[2020.09.17-13.51.14:746][ 77]LogWindows: Error: [Callstack] 0x00007fff49db9201 UE4Editor-ControlRigEditor.dll!UnknownFunction []
[2020.09.17-13.51.14:746][ 77]LogWindows: Error: [Callstack] 0x00007fff49db9201 UE4Editor-ControlRigEditor.dll!UnknownFunction []
[2020.09.17-13.51.14:746][ 77]LogWindows: Error: [Callstack] 0x00007fff49db9201 UE4Editor-ControlRigEditor.dll!UnknownFunction []
[2020.09.17-13.51.14:746][ 77]LogWindows: Error: [Callstack] 0x00007fff49db9201 UE4Editor-ControlRigEditor.dll!UnknownFunction []
[2020.09.17-13.51.14:746][ 77]LogWindows: Error: [Callstack] 0x00007fff49db9201 UE4Editor-ControlRigEditor.dll!UnknownFunction []
[2020.09.17-13.51.14:746][ 77]LogWindows: Error: [Callstack] 0x00007fff49db9201 UE4Editor-ControlRigEditor.dll!UnknownFunction []
[2020.09.17-13.51.14:746][ 77]LogWindows: Error: [Callstack] 0x00007fff49db9201 UE4Editor-ControlRigEditor.dll!UnknownFunction []
[2020.09.17-13.51.14:746][ 77]LogWindows: Error: [Callstack] 0x00007fff49db9201 UE4Editor-ControlRigEditor.dll!UnknownFunction []
[2020.09.17-13.51.14:746][ 77]LogWindows: Error: [Callstack] 0x00007fff49db9201 UE4Editor-ControlRigEditor.dll!UnknownFunction []
[2020.09.17-13.51.14:746][ 77]LogWindows: Error: [Callstack] 0x00007fff49db9201 UE4Editor-ControlRigEditor.dll!UnknownFunction []
[2020.09.17-13.51.14:746][ 77]LogWindows: Error: [Callstack] 0x00007fff49db9201 UE4Editor-ControlRigEditor.dll!UnknownFunction []
[2020.09.17-13.51.14:746][ 77]LogWindows: Error: [Callstack] 0x00007fff49db9201 UE4Editor-ControlRigEditor.dll!UnknownFunction []
[2020.09.17-13.51.14:746][ 77]LogWindows: Error: [Callstack] 0x00007fff49db9201 UE4Editor-ControlRigEditor.dll!UnknownFunction []
[2020.09.17-13.51.14:746][ 77]LogWindows: Error: [Callstack] 0x00007fff49db9201 UE4Editor-ControlRigEditor.dll!UnknownFunction []
[2020.09.17-13.51.14:746][ 77]LogWindows: Error: [Callstack] 0x00007fff49db9201 UE4Editor-ControlRigEditor.dll!UnknownFunction []
[2020.09.17-13.51.14:746][ 77]LogWindows: Error: [Callstack] 0x00007fff49db9201 UE4Editor-ControlRigEditor.dll!UnknownFunction []
[2020.09.17-13.51.14:746][ 77]LogWindows: Error: [Callstack] 0x00007fff49db9201 UE4Editor-ControlRigEditor.dll!UnknownFunction []
[2020.09.17-13.51.14:746][ 77]LogWindows: Error: [Callstack] 0x00007fff49db9201 UE4Editor-ControlRigEditor.dll!UnknownFunction []
[2020.09.17-13.51.14:746][ 77]LogWindows: Error: [Callstack] 0x00007fff49db9201 UE4Editor-ControlRigEditor.dll!UnknownFunction []
[2020.09.17-13.51.14:746][ 77]LogWindows: Error: [Callstack] 0x00007fff49db9201 UE4Editor-ControlRigEditor.dll!UnknownFunction []
[2020.09.17-13.51.14:746][ 77]LogWindows: Error: [Callstack] 0x00007fff49db9201 UE4Editor-ControlRigEditor.dll!UnknownFunction []
[2020.09.17-13.51.14:746][ 77]LogWindows: Error: [Callstack] 0x00007fff49db9201 UE4Editor-ControlRigEditor.dll!UnknownFunction []
[2020.09.17-13.51.14:746][ 77]LogWindows: Error: [Callstack] 0x00007fff49db9201 UE4Editor-ControlRigEditor.dll!UnknownFunction []
[2020.09.17-13.51.14:746][ 77]LogWindows: Error: [Callstack] 0x00007fff49db9201 UE4Editor-ControlRigEditor.dll!UnknownFunction []
[2020.09.17-13.51.14:746][ 77]LogWindows: Error: [Callstack] 0x00007fff49db9201 UE4Editor-ControlRigEditor.dll!UnknownFunction []
[2020.09.17-13.51.14:746][ 77]LogWindows: Error: [Callstack] 0x00007fff49db9201 UE4Editor-ControlRigEditor.dll!UnknownFunction []
[2020.09.17-13.51.14:746][ 77]LogWindows: Error: 
[2020.09.17-13.51.14:766][ 77]LogExit: Executing StaticShutdownAfterError
[2020.09.17-13.51.14:773][ 77]LogWindows: FPlatformMisc::RequestExit(1)
[2020.09.17-13.51.14:773][ 77]LogCore: Engine exit requested (reason: Win RequestExit)
[2020.09.17-13.51.14:778][ 77]Log file closed, 09/17/20 22:51:14
